<?xml version="1.0" encoding="utf-8"?><testsuites name="pytest tests"><testsuite name="pytest" errors="0" failures="0" skipped="0" tests="72" time="24.218" timestamp="2026-09-09T15:33:43.042419+03:00" hostname="DESKTOP-RJ78JKH"><testcase classname="tests.test_public_speaker_evaluation" name="test_failed_probes_and_missing_enrollment_stay_in_denominator" time="0.029" /><testcase classname="tests.test_public_speaker_evaluation" name="test_wilson_interval_includes_nonzero_uncertainty_at_zero_errors" time="0.002" /><testcase classname="tests.test_public_speaker_evaluation" name="test_manifest_preflight_rejects_hash_mismatch_before_api" time="0.013" /><testcase classname="tests.test_public_speaker_evaluation" name="test_manifest_guards[&lt;lambda&gt;-source_role_leakage]" time="0.006" /><testcase classname="tests.test_public_speaker_evaluation" name="test_manifest_guards[&lt;lambda&gt;-duplicate_source_utterance]" time="0.007" /><testcase classname="tests.test_public_speaker_evaluation" name="test_manifest_guards[&lt;lambda&gt;-unsafe_audio_path]" time="0.006" /><testcase classname="tests.test_public_speaker_evaluation" name="test_manifest_guards[&lt;lambda&gt;-invalid_gallery_order]" time="0.007" /><testcase classname="tests.test_public_speaker_evaluation" name="test_manifest_guards[&lt;lambda&gt;-invalid_manifest]" time="0.005" /><testcase classname="tests.test_public_speaker_evaluation" name="test_resume_binding_refuses_different_tenant_and_manifest" time="0.002" /><testcase classname="tests.test_public_speaker_evaluation" name="test_stable_keys_bind_run_and_operation" time="0.002" /><testcase classname="tests.test_public_speaker_evaluation" name="test_atomic_json_refuses_overwriting_protected_inputs" time="0.005" /><testcase classname="tests.test_public_speaker_evaluation" name="test_public_http_enrollment_query_return_and_completed_resume" time="1.104" /><testcase classname="tests.test_public_speaker_evaluation" name="test_failed_enrollment_does_not_drop_known_probes" time="0.991" /><testcase classname="tests.test_public_speaker_evaluation" name="test_failed_quality_job_is_retained_in_live_metric_denominator" time="0.899" /><testcase classname="tests.test_public_speaker_evaluation" name="test_lost_job_response_replays_key_without_duplicate_profile" time="0.950" /><testcase classname="tests.test_public_speaker_evaluation" name="test_frozen_contract_and_identify_mutation_are_detected[change_policy-frozen_inference_contract_changed]" time="0.612" /><testcase classname="tests.test_public_speaker_evaluation" name="test_frozen_contract_and_identify_mutation_are_detected[change_gallery-evaluation_gallery_changed]" time="0.653" /><testcase classname="tests.test_public_speaker_evaluation" name="test_nonempty_fresh_gallery_is_rejected_before_upload" time="0.557" /><testcase classname="tests.test_public_speaker_evaluation" name="test_state_lock_prevents_two_runners_and_releases_after_error" time="0.005" /><testcase classname="tests.test_public_speaker_evaluation" name="test_poll_timeout_leaves_resumable_pending_operation" time="0.970" /><testcase classname="tests.test_public_speaker_evaluation" name="test_invalid_timestamps_do_not_partially_commit_resume_gallery" time="0.617" /><testcase classname="tests.test_public_speaker_evaluation" name="test_expired_token_reauthenticates_once_and_preserves_request" time="0.569" /><testcase classname="tests.test_public_speaker_evaluation" name="test_returning_wrong_tenant_never_uploads" time="0.548" /><testcase classname="tests.test_public_speaker_evaluation" name="test_main_rejects_bad_data_before_network_or_state" time="0.014" /><testcase classname="tests.test_public_speaker_evaluation" name="test_invalid_frozen_policies_fail_closed[None]" time="0.002" /><testcase classname="tests.test_public_speaker_evaluation" name="test_invalid_frozen_policies_fail_closed[value1]" time="0.002" /><testcase classname="tests.test_public_speaker_evaluation" name="test_invalid_frozen_policies_fail_closed[value2]" time="0.002" /><testcase classname="tests.test_public_speaker_evaluation" name="test_invalid_frozen_policies_fail_closed[value3]" time="0.005" /><testcase classname="tests.test_public_speaker_evaluation" name="test_invalid_frozen_policies_fail_closed[value4]" time="0.002" /><testcase classname="tests.test_public_speaker_evaluation" name="test_invalid_frozen_policies_fail_closed[value5]" time="0.002" /><testcase classname="tests.test_public_speaker_evaluation" name="test_invalid_frozen_policies_fail_closed[value6]" time="0.002" /><testcase classname="tests.test_public_speaker_evaluation" name="test_invalid_frozen_policies_fail_closed[value7]" time="0.002" /><testcase classname="tests.test_public_speaker_evaluation" name="test_invalid_frozen_policies_fail_closed[value8]" time="0.002" /><testcase classname="tests.test_public_speaker_evaluation" name="test_invalid_frozen_policies_fail_closed[value9]" time="0.002" /><testcase classname="tests.test_public_speaker_evaluation" name="test_invalid_frozen_policies_fail_closed[value10]" time="0.002" /><testcase classname="tests.test_public_speaker_evaluation" name="test_invalid_frozen_policies_fail_closed[value11]" time="0.002" /><testcase classname="tests.test_public_speaker_evaluation" name="test_invalid_frozen_policies_fail_closed[value12]" time="0.003" /><testcase classname="tests.test_public_speaker_evaluation" name="test_invalid_frozen_policies_fail_closed[value13]" time="0.002" /><testcase classname="tests.test_public_speaker_evaluation" name="test_invalid_frozen_policies_fail_closed[value14]" time="0.002" /><testcase classname="tests.test_public_speaker_evaluation" name="test_different_frozen_policy_uses_binding_without_altering_defaults" time="0.858" /><testcase classname="tests.test_public_speaker_evaluation" name="test_api_cannot_silently_change_selected_policy" time="0.593" /><testcase classname="tests.test_public_speaker_evaluation" name="test_invalid_policy_precedes_all_network_and_input_reads" time="0.005" /><testcase classname="tests.test_public_speaker_evaluation" name="test_policy_file_is_protected_from_output_overwrite" time="0.503" /><testcase classname="tests.test_public_speaker_evaluation" name="test_required_preprocessing_provenance_is_bound_and_completed_resume_is_stable[vad-windows-v1]" time="0.969" /><testcase classname="tests.test_public_speaker_evaluation" name="test_required_preprocessing_provenance_is_bound_and_completed_resume_is_stable[vad-packed-fallback-v1]" time="1.024" /><testcase classname="tests.test_public_speaker_evaluation" name="test_required_preprocessing_provenance_rejects_missing_and_invalid_http_results[metadata0]" time="0.636" /><testcase classname="tests.test_public_speaker_evaluation" name="test_required_preprocessing_provenance_rejects_missing_and_invalid_http_results[metadata1]" time="0.632" /><testcase classname="tests.test_public_speaker_evaluation" name="test_required_preprocessing_provenance_rejects_missing_and_invalid_http_results[metadata2]" time="0.621" /><testcase classname="tests.test_public_speaker_evaluation" name="test_required_preprocessing_provenance_rejects_missing_and_invalid_http_results[metadata3]" time="0.662" /><testcase classname="tests.test_public_speaker_evaluation" name="test_required_preprocessing_provenance_rejects_missing_and_invalid_http_results[metadata4]" time="0.672" /><testcase classname="tests.test_public_speaker_evaluation" name="test_required_preprocessing_provenance_rejects_missing_and_invalid_http_results[metadata5]" time="0.637" /><testcase classname="tests.test_public_speaker_evaluation" name="test_required_preprocessing_does_not_require_metadata_from_failed_jobs" time="0.957" /><testcase classname="tests.test_public_speaker_evaluation" name="test_required_preprocessing_validates_queries_after_valid_enrollment[None]" time="0.799" /><testcase classname="tests.test_public_speaker_evaluation" name="test_required_preprocessing_validates_queries_after_valid_enrollment[unsupported-identify-version]" time="0.814" /><testcase classname="tests.test_public_speaker_evaluation" name="test_omitted_provenance_flag_preserves_exact_historical_binding" time="0.988" /><testcase classname="tests.test_public_speaker_evaluation" name="test_provenance_requirement_cannot_change_on_resume[False]" time="1.028" /><testcase classname="tests.test_public_speaker_evaluation" name="test_provenance_requirement_cannot_change_on_resume[True]" time="1.065" /><testcase classname="tests.test_public_speaker_evaluation" name="test_required_provenance_resume_revalidates_bound_versions_and_retained_successes[binding-resume_binding_mismatch]" time="0.930" /><testcase classname="tests.test_public_speaker_evaluation" name="test_required_provenance_resume_revalidates_bound_versions_and_retained_successes[result-frozen_inference_contract_changed]" time="1.039" /><testcase classname="tests.test_public_speaker_report" name="test_clustered_rate_counts_failures_and_is_reproducible" time="0.002" /><testcase classname="tests.test_public_speaker_report" name="test_no_error_bootstrap_does_not_claim_zero_population_risk" time="0.002" /><testcase classname="tests.test_public_speaker_report" name="test_anonymous_summary_does_not_copy_private_payload" time="0.003" /><testcase classname="tests.test_public_speaker_report" name="test_subset_statistics_keep_failed_probes" time="0.001" /><testcase classname="tests.test_public_speaker_report" name="test_invalid_stage_is_not_silently_dropped" time="0.001" /><testcase classname="tests.test_public_speaker_report" name="test_return_outcomes_distinguish_wrong_identity_rejection_and_missing_queries" time="0.001" /><testcase classname="tests.test_public_speaker_report" name="test_failed_return_enrollment_does_not_hide_unstarted_planned_query" time="0.001" /><testcase classname="tests.test_public_speaker_report" name="test_historical_return_input_does_not_invent_planned_totals" time="0.001" /><testcase classname="tests.test_public_speaker_report" name="test_inconsistent_return_plan_is_not_silently_truncated[planned0]" time="0.001" /><testcase classname="tests.test_public_speaker_report" name="test_inconsistent_return_plan_is_not_silently_truncated[planned1]" time="0.001" /><testcase classname="tests.test_public_speaker_report" name="test_inconsistent_return_plan_is_not_silently_truncated[planned2]" time="0.001" /><testcase classname="tests.test_public_speaker_report" name="test_fresh_train_clean_source_is_not_dropped_from_complete_strata" time="0.003" /><testcase classname="tests.test_public_speaker_report" name="test_preprocessing_aggregate_uses_only_bounded_labels_for_successful_jobs" time="0.001" /></testsuite></testsuites>