<?xml version="1.0" encoding="utf-8"?><testsuites name="pytest tests"><testsuite name="pytest" errors="0" failures="0" skipped="0" tests="96" time="3.400" timestamp="2026-09-09T12:33:54.135670+00:00" hostname="78037b687341"><testcase classname="tests.test_bundle" name="test_missing_package_rejected" time="0.020" /><testcase classname="tests.test_bundle" name="test_manifest_cannot_admit_modified_hashes_or_revision" time="0.001" /><testcase classname="tests.test_bundle" name="test_valid_metadata_without_files_is_not_ready" time="0.001" /><testcase classname="tests.test_bundle" name="test_modified_file_is_rejected_against_compiled_allowlist" time="0.001" /><testcase classname="tests.test_bundle" name="test_oversized_or_invalid_manifest_is_rejected" time="0.001" /><testcase classname="tests.test_bundle" name="test_packager_rejects_unverified_source_before_creating_output" time="0.023" /><testcase classname="tests.test_bundle" name="test_packager_never_overwrites_existing_output" time="0.013" /><testcase classname="tests.test_runtime_profiles" name="test_runtime_profile_remains_x86_by_default_and_spark_is_explicit" time="0.001" /><testcase classname="tests.test_runtime_profiles" name="test_unknown_runtime_profiles_are_rejected[auto]" time="0.001" /><testcase classname="tests.test_runtime_profiles" name="test_unknown_runtime_profiles_are_rejected[cpu]" time="0.001" /><testcase classname="tests.test_runtime_profiles" name="test_unknown_runtime_profiles_are_rejected[aarch64-cu128]" time="0.000" /><testcase classname="tests.test_runtime_profiles" name="test_matching_profile_requires_cuda_allocation_kernel_and_synchronization[x86_64-cu128-x86_64-12.8]" time="0.000" /><testcase classname="tests.test_runtime_profiles" name="test_matching_profile_requires_cuda_allocation_kernel_and_synchronization[aarch64-cu129-aarch64-12.9]" time="0.000" /><testcase classname="tests.test_runtime_profiles" name="test_matching_profile_requires_cuda_allocation_kernel_and_synchronization[x86_64-cu128-AMD64-12.8]" time="0.001" /><testcase classname="tests.test_runtime_profiles" name="test_matching_profile_requires_cuda_allocation_kernel_and_synchronization[aarch64-cu129-arm64-12.9]" time="0.000" /><testcase classname="tests.test_runtime_profiles" name="test_mismatched_or_unknown_architecture_never_allocates[x86_64-cu128-aarch64-12.8]" time="0.000" /><testcase classname="tests.test_runtime_profiles" name="test_mismatched_or_unknown_architecture_never_allocates[aarch64-cu129-x86_64-12.9]" time="0.000" /><testcase classname="tests.test_runtime_profiles" name="test_mismatched_or_unknown_architecture_never_allocates[x86_64-cu128--12.8]" time="0.000" /><testcase classname="tests.test_runtime_profiles" name="test_mismatched_or_unknown_architecture_never_allocates[aarch64-cu129-ppc64le-12.9]" time="0.000" /><testcase classname="tests.test_runtime_profiles" name="test_both_profiles_reject_other_torch_or_cuda_builds[torch-x86_64-cu128-x86_64-12.8]" time="0.000" /><testcase classname="tests.test_runtime_profiles" name="test_both_profiles_reject_other_torch_or_cuda_builds[torch-aarch64-cu129-aarch64-12.9]" time="0.000" /><testcase classname="tests.test_runtime_profiles" name="test_both_profiles_reject_other_torch_or_cuda_builds[cuda-x86_64-cu128-x86_64-12.8]" time="0.000" /><testcase classname="tests.test_runtime_profiles" name="test_both_profiles_reject_other_torch_or_cuda_builds[cuda-aarch64-cu129-aarch64-12.9]" time="0.001" /><testcase classname="tests.test_runtime_profiles" name="test_both_profiles_reject_other_torch_or_cuda_builds[cpu_build-x86_64-cu128-x86_64-12.8]" time="0.000" /><testcase classname="tests.test_runtime_profiles" name="test_both_profiles_reject_other_torch_or_cuda_builds[cpu_build-aarch64-cu129-aarch64-12.9]" time="0.000" /><testcase classname="tests.test_runtime_profiles" name="test_both_profiles_reject_missing_gpu_or_cpu_execution[unavailable-x86_64-cu128-x86_64-12.8]" time="0.000" /><testcase classname="tests.test_runtime_profiles" name="test_both_profiles_reject_missing_gpu_or_cpu_execution[unavailable-aarch64-cu129-aarch64-12.9]" time="0.000" /><testcase classname="tests.test_runtime_profiles" name="test_both_profiles_reject_missing_gpu_or_cpu_execution[missing_index-x86_64-cu128-x86_64-12.8]" time="0.000" /><testcase classname="tests.test_runtime_profiles" name="test_both_profiles_reject_missing_gpu_or_cpu_execution[missing_index-aarch64-cu129-aarch64-12.9]" time="0.000" /><testcase classname="tests.test_runtime_profiles" name="test_both_profiles_reject_missing_gpu_or_cpu_execution[cpu_probe-x86_64-cu128-x86_64-12.8]" time="0.001" /><testcase classname="tests.test_runtime_profiles" name="test_both_profiles_reject_missing_gpu_or_cpu_execution[cpu_probe-aarch64-cu129-aarch64-12.9]" time="0.000" /><testcase classname="tests.test_runtime_profiles" name="test_cpu_device_is_rejected_for_every_profile[x86_64-cu128-x86_64-12.8]" time="0.001" /><testcase classname="tests.test_runtime_profiles" name="test_cpu_device_is_rejected_for_every_profile[aarch64-cu129-aarch64-12.9]" time="0.001" /><testcase classname="tests.test_runtime_profiles" name="test_model_loader_applies_selected_profile_before_loading_both_models[x86_64-cu128-x86_64-12.8]" time="0.001" /><testcase classname="tests.test_runtime_profiles" name="test_model_loader_applies_selected_profile_before_loading_both_models[aarch64-cu129-aarch64-12.9]" time="0.001" /><testcase classname="tests.test_service" name="test_enrollment_http_contract_and_resampling[WAV]" time="0.051" /><testcase classname="tests.test_service" name="test_enrollment_http_contract_and_resampling[FLAC]" time="0.029" /><testcase classname="tests.test_service" name="test_fragmented_pcm_http_preserves_speech_limits[enroll-2.0-5-None]" time="0.011" /><testcase classname="tests.test_service" name="test_fragmented_pcm_http_preserves_speech_limits[identify-1.5-2-None]" time="0.009" /><testcase classname="tests.test_service" name="test_fragmented_pcm_http_preserves_speech_limits[enroll-2.0-4-insufficient_speech]" time="0.010" /><testcase classname="tests.test_service" name="test_fragmented_pcm_http_preserves_speech_limits[enroll-1.4-8-insufficient_speech]" time="0.011" /><testcase classname="tests.test_service" name="test_original_fragment_disagreement_rejects_blended_profile_over_http" time="0.017" /><testcase classname="tests.test_service" name="test_minimum_usable_speech[identify-3-200]" time="0.011" /><testcase classname="tests.test_service" name="test_minimum_usable_speech[identify-2.9-422]" time="0.009" /><testcase classname="tests.test_service" name="test_minimum_usable_speech[enroll-9-422]" time="0.013" /><testcase classname="tests.test_service" name="test_minimum_usable_speech[enroll-10-200]" time="0.014" /><testcase classname="tests.test_service" name="test_inconsistent_windows_never_return_an_embedding" time="0.013" /><testcase classname="tests.test_service" name="test_silence_and_clipping_are_rejected[samples0-insufficient_speech]" time="0.010" /><testcase classname="tests.test_service" name="test_silence_and_clipping_are_rejected[samples1-clipped_audio]" time="0.008" /><testcase classname="tests.test_service" name="test_size_and_duration_bounded_before_inference" time="0.010" /><testcase classname="tests.test_service" name="test_streamed_upload_limit_does_not_depend_on_content_length" time="0.007" /><testcase classname="tests.test_service" name="test_invalid_audio[]" time="0.007" /><testcase classname="tests.test_service" name="test_invalid_audio[not an audio file]" time="0.009" /><testcase classname="tests.test_service" name="test_invalid_audio[RIFF0000WAVEinvalid]" time="0.008" /><testcase classname="tests.test_service" name="test_context_and_internal_key_required_and_errors_do_not_echo_secrets" time="0.009" /><testcase classname="tests.test_service" name="test_one_slot_includes_upload_and_processing_and_recovers_after_error" time="0.013" /><testcase classname="tests.test_service" name="test_initialization_failure_remains_explicit_readiness_failure" time="0.015" /><testcase classname="tests.test_service" name="test_cuda_availability_is_required_without_cpu_fallback" time="0.001" /><testcase classname="tests.test_service" name="test_settings_secret_and_spec_limits_are_enforced" time="0.001" /><testcase classname="tests.test_service" name="test_invalid_configuration_does_not_expose_secret_in_error" time="0.001" /><testcase classname="tests.test_service" name="test_request_log_contains_only_safe_context" time="0.010" /><testcase classname="tests.test_speech_recovery" name="test_fragmented_real_samples_recover_without_silence_or_repetition[enroll-durations0-2]" time="0.003" /><testcase classname="tests.test_speech_recovery" name="test_fragmented_real_samples_recover_without_silence_or_repetition[enroll-durations1-3]" time="0.006" /><testcase classname="tests.test_speech_recovery" name="test_fragmented_real_samples_recover_without_silence_or_repetition[identify-durations2-1]" time="0.002" /><testcase classname="tests.test_speech_recovery" name="test_sufficient_continuous_evidence_is_preserved_exactly[enroll-12]" time="0.002" /><testcase classname="tests.test_speech_recovery" name="test_sufficient_continuous_evidence_is_preserved_exactly[identify-4]" time="0.001" /><testcase classname="tests.test_speech_recovery" name="test_existing_inconsistency_is_never_retried_by_packing" time="0.001" /><testcase classname="tests.test_speech_recovery" name="test_recovered_windows_must_agree_with_partial_original_voice" time="0.002" /><testcase classname="tests.test_speech_recovery" name="test_inconsistent_recovered_windows_are_rejected" time="0.001" /><testcase classname="tests.test_speech_recovery" name="test_insufficient_total_samples_are_not_manufactured[identify-durations0]" time="0.001" /><testcase classname="tests.test_speech_recovery" name="test_insufficient_total_samples_are_not_manufactured[enroll-durations1]" time="0.001" /><testcase classname="tests.test_speech_recovery" name="test_insufficient_total_samples_are_not_manufactured[enroll-durations2]" time="0.001" /><testcase classname="tests.test_speech_recovery" name="test_unusable_fragments_cannot_inflate_usable_speech[0.0]" time="0.001" /><testcase classname="tests.test_speech_recovery" name="test_unusable_fragments_cannot_inflate_usable_speech[1e-05]" time="0.001" /><testcase classname="tests.test_speech_recovery" name="test_unusable_fragments_cannot_inflate_usable_speech[1.0]" time="0.001" /><testcase classname="tests.test_speech_recovery" name="test_unusable_fragments_cannot_inflate_usable_speech[nan]" time="0.001" /><testcase classname="tests.test_speech_recovery" name="test_quiet_long_window_cannot_be_diluted_by_short_valid_fragments" time="0.001" /><testcase classname="tests.test_speech_recovery" name="test_overlapping_spans_do_not_duplicate_samples_or_other_speaker_regions" time="0.002" /><testcase classname="tests.test_speech_recovery" name="test_no_speech_stays_unusable" time="0.000" /><testcase classname="tests.test_speech_recovery" name="test_alternating_short_voices_cannot_become_a_consistent_blended_profile" time="0.001" /><testcase classname="tests.test_speech_recovery" name="test_blocks_too_short_for_identity_guard_cannot_inflate_recovery[identify-durations0]" time="0.001" /><testcase classname="tests.test_speech_recovery" name="test_blocks_too_short_for_identity_guard_cannot_inflate_recovery[enroll-durations1]" time="0.000" /><testcase classname="tests.test_speech_recovery" name="test_blocks_too_short_for_identity_guard_cannot_inflate_recovery[enroll-durations2]" time="0.001" /><testcase classname="tests.test_speech_recovery" name="test_consistent_guard_vectors_must_agree_with_packed_evidence" time="0.001" /><testcase classname="tests.test_speech_recovery" name="test_invalid_original_guard_vectors_fail_closed[invalid0]" time="0.001" /><testcase classname="tests.test_speech_recovery" name="test_invalid_original_guard_vectors_fail_closed[invalid1]" time="0.001" /><testcase classname="tests.test_speech_recovery" name="test_invalid_original_guard_vectors_fail_closed[invalid2]" time="0.001" /><testcase classname="tests.test_speech_recovery" name="test_maximum_pilot_duration_remains_bounded" time="0.019" /><testcase classname="tests.test_wheelhouse" name="test_lock_requires_fixed_hashes_and_rejects_index_reset" time="0.001" /><testcase classname="tests.test_wheelhouse" name="test_lock_reads_pins_and_allowlisted_hashes" time="0.001" /><testcase classname="tests.test_wheelhouse" name="test_tags_allow_linux_cp313_and_abi3_but_not_windows_or_cp314" time="0.001" /><testcase classname="tests.test_wheelhouse" name="test_download_verifies_real_bytes_and_reuses_verified_cache" time="0.021" /><testcase classname="tests.test_wheelhouse" name="test_wrong_hash_never_publishes_completed_wheel" time="0.001" /><testcase classname="tests.test_wheelhouse" name="test_torch_exact_url_requires_matching_lock_hash[torch-2.8.0+cu128]" time="0.000" /><testcase classname="tests.test_wheelhouse" name="test_torch_exact_url_requires_matching_lock_hash[torchaudio-2.8.0+cu128]" time="0.000" /><testcase classname="tests.test_wheelhouse" name="test_torch_exact_url_requires_matching_lock_hash[triton-3.4.0]" time="0.000" /></testsuite></testsuites>