<?xml version="1.0" encoding="utf-8"?><testsuites name="pytest tests"><testsuite name="pytest" errors="0" failures="0" skipped="0" tests="66" time="2.570" timestamp="2026-09-09T12:24:17.064520+00:00" hostname="dd7393fbbd42"><testcase classname="tests.unit.test_api_baseline" name="test_export_declares_tenant_for_every_bearer_protected_operation" time="0.077" /><testcase classname="tests.unit.test_api_baseline" name="test_health_and_liveness" time="0.019" /><testcase classname="tests.unit.test_api_baseline" name="test_logging_configuration_is_idempotent_and_preserves_host_handlers" time="0.000" /><testcase classname="tests.unit.test_api_baseline" name="test_request_logging_is_correlated_and_excludes_request_data" time="0.004" /><testcase classname="tests.unit.test_api_baseline" name="test_me_requires_tenant_header_before_authentication" time="0.003" /><testcase classname="tests.unit.test_api_baseline" name="test_me_authentication_error_has_bearer_challenge" time="0.015" /><testcase classname="tests.unit.test_api_baseline" name="test_openapi_contains_frontend_auth_contract" time="0.103" /><testcase classname="tests.unit.test_api_baseline" name="test_openapi_export_is_offline_and_deterministic" time="0.062" /><testcase classname="tests.unit.test_api_baseline" name="test_readiness_reports_database_state" time="0.006" /><testcase classname="tests.unit.test_api_baseline" name="test_readiness_returns_503_when_database_is_unavailable" time="0.003" /><testcase classname="tests.unit.test_bootstrap_input" name="test_stdin_password_strips_crlf" time="0.001" /><testcase classname="tests.unit.test_rbac" name="test_permission_guard_allows_exact_permission" time="0.001" /><testcase classname="tests.unit.test_rbac" name="test_permission_guard_denies_missing_permission" time="0.001" /><testcase classname="tests.unit.test_rbac" name="test_super_admin_bypasses_permissions_and_super_guard" time="0.001" /><testcase classname="tests.unit.test_rbac" name="test_ordinary_user_cannot_switch_tenant" time="0.001" /><testcase classname="tests.unit.test_rbac" name="test_super_admin_can_switch_tenant" time="0.000" /><testcase classname="tests.unit.test_security" name="test_missing_jwt_secret_fails_configuration_closed" time="0.002" /><testcase classname="tests.unit.test_security" name="test_migration_settings_require_only_the_database_boundary" time="0.001" /><testcase classname="tests.unit.test_security" name="test_password_hash_round_trip" time="0.159" /><testcase classname="tests.unit.test_security" name="test_weak_password_is_rejected" time="0.001" /><testcase classname="tests.unit.test_security" name="test_access_token_round_trip" time="0.001" /><testcase classname="tests.unit.test_security" name="test_tampered_token_is_rejected" time="0.000" /><testcase classname="tests.unit.test_speaker_boundaries" name="test_owned_audio_is_decoded_and_opaque" time="0.009" /><testcase classname="tests.unit.test_speaker_boundaries" name="test_invalid_and_oversized_audio_leave_no_files" time="0.006" /><testcase classname="tests.unit.test_speaker_boundaries" name="test_http_adapter_matches_producer_contract[enroll]" time="0.003" /><testcase classname="tests.unit.test_speaker_boundaries" name="test_http_adapter_matches_producer_contract[identify]" time="0.002" /><testcase classname="tests.unit.test_speaker_boundaries" name="test_http_adapter_does_not_turn_quality_errors_into_success[413-audio_limit]" time="0.002" /><testcase classname="tests.unit.test_speaker_boundaries" name="test_http_adapter_does_not_turn_quality_errors_into_success[422-insufficient_speech]" time="0.002" /><testcase classname="tests.unit.test_speaker_boundaries" name="test_http_adapter_does_not_turn_quality_errors_into_success[503-inference_unavailable]" time="0.002" /><testcase classname="tests.unit.test_speaker_boundaries" name="test_http_adapter_rejects_wrong_model_and_incomplete_response" time="0.002" /><testcase classname="tests.unit.test_speaker_boundaries" name="test_http_adapter_accepts_producer_minimum_tolerance[enroll-9.9999995-2]" time="0.002" /><testcase classname="tests.unit.test_speaker_boundaries" name="test_http_adapter_accepts_producer_minimum_tolerance[identify-2.9999995-1]" time="0.002" /><testcase classname="tests.unit.test_speaker_boundaries" name="test_http_adapter_rejects_cpu_success_response" time="0.002" /><testcase classname="tests.unit.test_speaker_boundaries" name="test_chunked_multipart_limit_returns_typed_413" time="0.006" /><testcase classname="tests.unit.test_speaker_boundaries" name="test_worker_health_requires_recent_successful_heartbeat" time="0.001" /><testcase classname="tests.unit.test_speaker_identity" name="test_decision_requires_threshold_and_margin" time="0.000" /><testcase classname="tests.unit.test_speaker_identity" name="test_calibrated_policy_preserves_rejection_boundaries[scores0-ambiguous-below_match_threshold]" time="0.001" /><testcase classname="tests.unit.test_speaker_identity" name="test_calibrated_policy_preserves_rejection_boundaries[scores1-recognized-matched]" time="0.001" /><testcase classname="tests.unit.test_speaker_identity" name="test_calibrated_policy_preserves_rejection_boundaries[scores2-recognized-matched]" time="0.001" /><testcase classname="tests.unit.test_speaker_identity" name="test_calibrated_policy_preserves_rejection_boundaries[scores3-ambiguous-below_match_threshold]" time="0.001" /><testcase classname="tests.unit.test_speaker_identity" name="test_calibrated_policy_preserves_rejection_boundaries[scores4-ambiguous-insufficient_margin]" time="0.001" /><testcase classname="tests.unit.test_speaker_identity" name="test_calibrated_policy_preserves_rejection_boundaries[scores5-ambiguous-insufficient_margin]" time="0.001" /><testcase classname="tests.unit.test_speaker_identity" name="test_calibrated_policy_preserves_rejection_boundaries[scores6-unknown-below_new_threshold]" time="0.001" /><testcase classname="tests.unit.test_speaker_identity" name="test_calibrated_policy_preserves_rejection_boundaries[scores7-ambiguous-below_match_threshold]" time="0.001" /><testcase classname="tests.unit.test_speaker_identity" name="test_explicit_historical_policy_remains_available" time="0.000" /><testcase classname="tests.unit.test_speaker_identity" name="test_typed_settings_and_domain_share_calibrated_defaults" time="0.002" /><testcase classname="tests.unit.test_speaker_identity" name="test_vector_contract_rejects_invalid_data[value0]" time="0.001" /><testcase classname="tests.unit.test_speaker_identity" name="test_vector_contract_rejects_invalid_data[value1]" time="0.001" /><testcase classname="tests.unit.test_speaker_identity" name="test_vector_contract_rejects_invalid_data[value2]" time="0.001" /><testcase classname="tests.unit.test_speaker_identity" name="test_normalized_names_and_vectors" time="0.000" /><testcase classname="tests.unit.test_speaker_identity" name="test_job_target_contract[payload0]" time="0.001" /><testcase classname="tests.unit.test_speaker_identity" name="test_job_target_contract[payload1]" time="0.001" /><testcase classname="tests.unit.test_speaker_identity" name="test_job_target_contract[payload2]" time="0.001" /><testcase classname="tests.unit.test_speaker_identity" name="test_job_target_contract[payload3]" time="0.001" /><testcase classname="tests.unit.test_speaker_preprocessing" name="test_adapter_carries_only_allowed_preprocessing_metadata[vad-windows-v1]" time="0.004" /><testcase classname="tests.unit.test_speaker_preprocessing" name="test_adapter_carries_only_allowed_preprocessing_metadata[vad-packed-fallback-v1]" time="0.004" /><testcase classname="tests.unit.test_speaker_preprocessing" name="test_adapter_does_not_invent_legacy_preprocessing_provenance[legacy0]" time="0.004" /><testcase classname="tests.unit.test_speaker_preprocessing" name="test_adapter_does_not_invent_legacy_preprocessing_provenance[legacy1]" time="0.004" /><testcase classname="tests.unit.test_speaker_preprocessing" name="test_adapter_does_not_invent_legacy_preprocessing_provenance[legacy2]" time="0.003" /><testcase classname="tests.unit.test_speaker_preprocessing" name="test_adapter_rejects_unknown_or_malformed_preprocessing_version[unknown-v2]" time="0.004" /><testcase classname="tests.unit.test_speaker_preprocessing" name="test_adapter_rejects_unknown_or_malformed_preprocessing_version[]" time="0.005" /><testcase classname="tests.unit.test_speaker_preprocessing" name="test_adapter_rejects_unknown_or_malformed_preprocessing_version[True]" time="0.004" /><testcase classname="tests.unit.test_speaker_preprocessing" name="test_adapter_rejects_unknown_or_malformed_preprocessing_version[1]" time="0.004" /><testcase classname="tests.unit.test_speaker_preprocessing" name="test_adapter_rejects_unknown_or_malformed_preprocessing_version[version4]" time="0.005" /><testcase classname="tests.unit.test_speaker_preprocessing" name="test_adapter_rejects_unknown_or_malformed_preprocessing_version[version5]" time="0.004" /><testcase classname="tests.unit.test_speaker_preprocessing" name="test_historical_job_result_deserializes_with_unknown_preprocessing_version" time="0.001" /></testsuite></testsuites>