<?xml version="1.0" encoding="utf-8"?><testsuites name="pytest tests"><testsuite name="pytest" errors="0" failures="0" skipped="0" tests="18" time="10.236" timestamp="2026-09-09T12:21:07.308246+00:00" hostname="dd7393fbbd42"><testcase classname="tests.integration.test_speaker_pilot" name="test_worker_accepts_producer_duration_tolerance[enroll-9.9999995-2]" time="0.746" /><testcase classname="tests.integration.test_speaker_pilot" name="test_worker_accepts_producer_duration_tolerance[identify-2.9999995-1]" time="0.250" /><testcase classname="tests.integration.test_speaker_pilot" name="test_persistent_enroll_identify_and_public_contract" time="0.601" /><testcase classname="tests.integration.test_speaker_pilot" name="test_worker_persists_preprocessing_metadata_through_public_job[enroll-vad-windows-v1]" time="0.356" /><testcase classname="tests.integration.test_speaker_pilot" name="test_worker_persists_preprocessing_metadata_through_public_job[enroll-vad-packed-fallback-v1]" time="0.348" /><testcase classname="tests.integration.test_speaker_pilot" name="test_worker_persists_preprocessing_metadata_through_public_job[identify-vad-windows-v1]" time="0.333" /><testcase classname="tests.integration.test_speaker_pilot" name="test_worker_persists_preprocessing_metadata_through_public_job[identify-vad-packed-fallback-v1]" time="0.305" /><testcase classname="tests.integration.test_speaker_pilot" name="test_idempotency_uses_content_not_recording_identity" time="0.495" /><testcase classname="tests.integration.test_speaker_pilot" name="test_wrong_person_append_and_unknown_never_change_profile" time="0.641" /><testcase classname="tests.integration.test_speaker_pilot" name="test_append_mean_and_explicit_sample_limit" time="0.590" /><testcase classname="tests.integration.test_speaker_pilot" name="test_delete_race_fences_enrollment_and_redacts_history" time="0.612" /><testcase classname="tests.integration.test_speaker_pilot" name="test_stale_worker_cannot_duplicate_enrollment" time="0.469" /><testcase classname="tests.integration.test_speaker_pilot" name="test_retry_budget_and_quality_errors_are_terminal" time="0.519" /><testcase classname="tests.integration.test_speaker_pilot" name="test_source_retention_and_delete_reference_guard" time="0.521" /><testcase classname="tests.integration.test_speaker_pilot" name="test_tenant_scope_exact_ranking_and_migrated_vector_shape" time="0.460" /><testcase classname="tests.integration.test_speaker_pilot" name="test_invalid_files_and_missing_grants_reject_before_mutation" time="0.258" /><testcase classname="tests.integration.test_speaker_pilot" name="test_retention_batch_skips_more_than_one_hundred_referenced_sources" time="0.220" /><testcase classname="tests.integration.test_speaker_pilot" name="test_expired_upload_retry_and_job_result_retention" time="0.609" /></testsuite></testsuites>