<?xml version="1.0" encoding="utf-8"?><testsuites name="pytest tests"><testsuite name="pytest" errors="0" failures="4" skipped="0" tests="4" time="1.190" timestamp="2026-09-09T15:29:03.744083+03:00" hostname="DESKTOP-RJ78JKH"><testcase classname="tests.test_speech_recovery" name="test_alternating_short_voices_cannot_become_a_consistent_blended_profile" time="0.004"><failure message="AssertionError: assert array([0.70710678, 0.70710678, 0.        ]) is None&#10; +  where array([0.70710678, 0.70710678, 0.        ]) = Evidence(embedding=array([0.70710678, 0.70710678, 0.        ]), clean_seconds=15.999999999999998, used_seconds=16.0, windows=2, consistency=0.9999999999999998, reason='usable').embedding">def test_alternating_short_voices_cannot_become_a_consistent_blended_profile():
        audio, turns = fragments([2] * 8, [0.1, 0.2] * 4)
        result, _ = extract_pilot_evidence(audio, turns, VoiceMixEmbedder(), "enroll")
&gt;       assert result.embedding is None
E       AssertionError: assert array([0.70710678, 0.70710678, 0.        ]) is None
E        +  where array([0.70710678, 0.70710678, 0.        ]) = Evidence(embedding=array([0.70710678, 0.70710678, 0.        ]), clean_seconds=15.999999999999998, used_seconds=16.0, windows=2, consistency=0.9999999999999998, reason='usable').embedding

app\inference\tests\test_speech_recovery.py:171: AssertionError</failure></testcase><testcase classname="tests.test_speech_recovery" name="test_blocks_too_short_for_identity_guard_cannot_inflate_recovery[identify-durations0]" time="0.002"><failure message="AssertionError: assert array([1., 0., 0.]) is None&#10; +  where array([1., 0., 0.]) = Evidence(embedding=array([1., 0., 0.]), clean_seconds=4.2, used_seconds=4.2, windows=1, consistency=1.0, reason='usable').embedding">purpose = 'identify', durations = [1.4, 1.4, 1.4]

    @pytest.mark.parametrize("purpose,durations", [
        ("identify", [1.4] * 3),
        ("enroll", [1.4] * 8),
        ("enroll", [2] * 4 + [1.4] * 2),
    ])
    def test_blocks_too_short_for_identity_guard_cannot_inflate_recovery(purpose, durations):
        audio, turns = fragments(durations)
        result, version = extract_pilot_evidence(audio, turns, RecordingEmbedder(), purpose)
&gt;       assert result.embedding is None
E       AssertionError: assert array([1., 0., 0.]) is None
E        +  where array([1., 0., 0.]) = Evidence(embedding=array([1., 0., 0.]), clean_seconds=4.2, used_seconds=4.2, windows=1, consistency=1.0, reason='usable').embedding

app\inference\tests\test_speech_recovery.py:183: AssertionError</failure></testcase><testcase classname="tests.test_speech_recovery" name="test_blocks_too_short_for_identity_guard_cannot_inflate_recovery[enroll-durations1]" time="0.003"><failure message="AssertionError: assert array([1., 0., 0.]) is None&#10; +  where array([1., 0., 0.]) = Evidence(embedding=array([1., 0., 0.]), clean_seconds=11.199999999999998, used_seconds=11.2, windows=2, consistency=1.0, reason='usable').embedding">purpose = 'enroll', durations = [1.4, 1.4, 1.4, 1.4, 1.4, 1.4, ...]

    @pytest.mark.parametrize("purpose,durations", [
        ("identify", [1.4] * 3),
        ("enroll", [1.4] * 8),
        ("enroll", [2] * 4 + [1.4] * 2),
    ])
    def test_blocks_too_short_for_identity_guard_cannot_inflate_recovery(purpose, durations):
        audio, turns = fragments(durations)
        result, version = extract_pilot_evidence(audio, turns, RecordingEmbedder(), purpose)
&gt;       assert result.embedding is None
E       AssertionError: assert array([1., 0., 0.]) is None
E        +  where array([1., 0., 0.]) = Evidence(embedding=array([1., 0., 0.]), clean_seconds=11.199999999999998, used_seconds=11.2, windows=2, consistency=1.0, reason='usable').embedding

app\inference\tests\test_speech_recovery.py:183: AssertionError</failure></testcase><testcase classname="tests.test_speech_recovery" name="test_blocks_too_short_for_identity_guard_cannot_inflate_recovery[enroll-durations2]" time="0.003"><failure message="AssertionError: assert array([1., 0., 0.]) is None&#10; +  where array([1., 0., 0.]) = Evidence(embedding=array([1., 0., 0.]), clean_seconds=10.8, used_seconds=10.8, windows=2, consistency=1.0, reason='usable').embedding">purpose = 'enroll', durations = [2, 2, 2, 2, 1.4, 1.4]

    @pytest.mark.parametrize("purpose,durations", [
        ("identify", [1.4] * 3),
        ("enroll", [1.4] * 8),
        ("enroll", [2] * 4 + [1.4] * 2),
    ])
    def test_blocks_too_short_for_identity_guard_cannot_inflate_recovery(purpose, durations):
        audio, turns = fragments(durations)
        result, version = extract_pilot_evidence(audio, turns, RecordingEmbedder(), purpose)
&gt;       assert result.embedding is None
E       AssertionError: assert array([1., 0., 0.]) is None
E        +  where array([1., 0., 0.]) = Evidence(embedding=array([1., 0., 0.]), clean_seconds=10.8, used_seconds=10.8, windows=2, consistency=1.0, reason='usable').embedding

app\inference\tests\test_speech_recovery.py:183: AssertionError</failure></testcase></testsuite></testsuites>