<?xml version="1.0" encoding="utf-8"?><testsuites name="pytest tests"><testsuite name="pytest" errors="1" failures="0" skipped="0" tests="1" time="1.510" timestamp="2026-09-09T15:20:40.646152+03:00" hostname="DESKTOP-RJ78JKH"><testcase classname="" name="tests.test_speech_recovery" time="0.000"><error message="collection failure">ImportError while importing test module 'C:\Users\furko\Desktop\VoiceUpMeating\app\inference\tests\test_speech_recovery.py'.
Hint: make sure your test modules/packages have valid Python names.
Traceback:
..\..\AppData\Local\Programs\Python\Python312\Lib\importlib\__init__.py:90: in import_module
    return _bootstrap._gcd_import(name[level:], package, level)
           ^^^^^^^^^^^^^^^^^^^^^^^^^^^^^^^^^^^^^^^^^^^^^^^^^^^^
app\inference\tests\test_speech_recovery.py:8: in &lt;module&gt;
    from voiceup_inference.evidence import extract_pilot_evidence
E   ModuleNotFoundError: No module named 'voiceup_inference.evidence'</error></testcase></testsuite></testsuites>