<?xml version="1.0" encoding="utf-8"?><testsuites name="pytest tests"><testsuite name="pytest" errors="0" failures="0" skipped="0" tests="27" time="1.060" timestamp="2026-09-09T15:30:06.560790+03:00" hostname="DESKTOP-RJ78JKH"><testcase classname="tests.test_speech_recovery" name="test_fragmented_real_samples_recover_without_silence_or_repetition[enroll-durations0-2]" time="0.008" /><testcase classname="tests.test_speech_recovery" name="test_fragmented_real_samples_recover_without_silence_or_repetition[enroll-durations1-3]" time="0.009" /><testcase classname="tests.test_speech_recovery" name="test_fragmented_real_samples_recover_without_silence_or_repetition[identify-durations2-1]" time="0.002" /><testcase classname="tests.test_speech_recovery" name="test_sufficient_continuous_evidence_is_preserved_exactly[enroll-12]" time="0.004" /><testcase classname="tests.test_speech_recovery" name="test_sufficient_continuous_evidence_is_preserved_exactly[identify-4]" time="0.001" /><testcase classname="tests.test_speech_recovery" name="test_existing_inconsistency_is_never_retried_by_packing" time="0.002" /><testcase classname="tests.test_speech_recovery" name="test_recovered_windows_must_agree_with_partial_original_voice" time="0.003" /><testcase classname="tests.test_speech_recovery" name="test_inconsistent_recovered_windows_are_rejected" time="0.002" /><testcase classname="tests.test_speech_recovery" name="test_insufficient_total_samples_are_not_manufactured[identify-durations0]" time="0.000" /><testcase classname="tests.test_speech_recovery" name="test_insufficient_total_samples_are_not_manufactured[enroll-durations1]" time="0.001" /><testcase classname="tests.test_speech_recovery" name="test_insufficient_total_samples_are_not_manufactured[enroll-durations2]" time="0.002" /><testcase classname="tests.test_speech_recovery" name="test_unusable_fragments_cannot_inflate_usable_speech[0.0]" time="0.001" /><testcase classname="tests.test_speech_recovery" name="test_unusable_fragments_cannot_inflate_usable_speech[1e-05]" time="0.001" /><testcase classname="tests.test_speech_recovery" name="test_unusable_fragments_cannot_inflate_usable_speech[1.0]" time="0.001" /><testcase classname="tests.test_speech_recovery" name="test_unusable_fragments_cannot_inflate_usable_speech[nan]" time="0.001" /><testcase classname="tests.test_speech_recovery" name="test_quiet_long_window_cannot_be_diluted_by_short_valid_fragments" time="0.003" /><testcase classname="tests.test_speech_recovery" name="test_overlapping_spans_do_not_duplicate_samples_or_other_speaker_regions" time="0.002" /><testcase classname="tests.test_speech_recovery" name="test_no_speech_stays_unusable" time="0.001" /><testcase classname="tests.test_speech_recovery" name="test_alternating_short_voices_cannot_become_a_consistent_blended_profile" time="0.002" /><testcase classname="tests.test_speech_recovery" name="test_blocks_too_short_for_identity_guard_cannot_inflate_recovery[identify-durations0]" time="0.000" /><testcase classname="tests.test_speech_recovery" name="test_blocks_too_short_for_identity_guard_cannot_inflate_recovery[enroll-durations1]" time="0.001" /><testcase classname="tests.test_speech_recovery" name="test_blocks_too_short_for_identity_guard_cannot_inflate_recovery[enroll-durations2]" time="0.001" /><testcase classname="tests.test_speech_recovery" name="test_consistent_guard_vectors_must_agree_with_packed_evidence" time="0.002" /><testcase classname="tests.test_speech_recovery" name="test_invalid_original_guard_vectors_fail_closed[invalid0]" time="0.001" /><testcase classname="tests.test_speech_recovery" name="test_invalid_original_guard_vectors_fail_closed[invalid1]" time="0.001" /><testcase classname="tests.test_speech_recovery" name="test_invalid_original_guard_vectors_fail_closed[invalid2]" time="0.001" /><testcase classname="tests.test_speech_recovery" name="test_maximum_pilot_duration_remains_bounded" time="0.032" /></testsuite></testsuites>