<?xml version="1.0" encoding="utf-8"?><testsuites name="pytest tests"><testsuite name="pytest" errors="0" failures="0" skipped="0" tests="19" time="1.124" timestamp="2026-09-09T15:21:22.026021+03:00" hostname="DESKTOP-RJ78JKH"><testcase classname="tests.test_speech_recovery" name="test_fragmented_real_samples_recover_without_silence_or_repetition[enroll-durations0-2]" time="0.004" /><testcase classname="tests.test_speech_recovery" name="test_fragmented_real_samples_recover_without_silence_or_repetition[enroll-durations1-3]" time="0.007" /><testcase classname="tests.test_speech_recovery" name="test_fragmented_real_samples_recover_without_silence_or_repetition[identify-durations2-1]" time="0.001" /><testcase classname="tests.test_speech_recovery" name="test_sufficient_continuous_evidence_is_preserved_exactly[enroll-12]" time="0.003" /><testcase classname="tests.test_speech_recovery" name="test_sufficient_continuous_evidence_is_preserved_exactly[identify-4]" time="0.001" /><testcase classname="tests.test_speech_recovery" name="test_existing_inconsistency_is_never_retried_by_packing" time="0.001" /><testcase classname="tests.test_speech_recovery" name="test_recovered_windows_must_agree_with_partial_original_voice" time="0.003" /><testcase classname="tests.test_speech_recovery" name="test_inconsistent_recovered_windows_are_rejected" time="0.002" /><testcase classname="tests.test_speech_recovery" name="test_insufficient_total_samples_are_not_manufactured[identify-durations0]" time="0.001" /><testcase classname="tests.test_speech_recovery" name="test_insufficient_total_samples_are_not_manufactured[enroll-durations1]" time="0.001" /><testcase classname="tests.test_speech_recovery" name="test_insufficient_total_samples_are_not_manufactured[enroll-durations2]" time="0.002" /><testcase classname="tests.test_speech_recovery" name="test_unusable_fragments_cannot_inflate_usable_speech[0.0]" time="0.001" /><testcase classname="tests.test_speech_recovery" name="test_unusable_fragments_cannot_inflate_usable_speech[1e-05]" time="0.001" /><testcase classname="tests.test_speech_recovery" name="test_unusable_fragments_cannot_inflate_usable_speech[1.0]" time="0.001" /><testcase classname="tests.test_speech_recovery" name="test_unusable_fragments_cannot_inflate_usable_speech[nan]" time="0.001" /><testcase classname="tests.test_speech_recovery" name="test_quiet_long_window_cannot_be_diluted_by_short_valid_fragments" time="0.002" /><testcase classname="tests.test_speech_recovery" name="test_overlapping_spans_do_not_duplicate_samples_or_other_speaker_regions" time="0.002" /><testcase classname="tests.test_speech_recovery" name="test_no_speech_stays_unusable" time="0.001" /><testcase classname="tests.test_speech_recovery" name="test_maximum_pilot_duration_remains_bounded" time="0.021" /></testsuite></testsuites>