<?xml version="1.0" encoding="utf-8"?><testsuites name="pytest tests"><testsuite name="pytest" errors="0" failures="0" skipped="1" tests="350" time="22.667" timestamp="2026-09-09T12:37:15.183189+00:00" hostname="039da9dfe71f"><testcase classname="tests.test_audio" name="test_clean_spans_subtracts_nested_and_all_other_speakers" time="0.000" /><testcase classname="tests.test_audio" name="test_same_speaker_spans_merge_and_touching_speakers_do_not_overlap" time="0.000" /><testcase classname="tests.test_audio" name="test_complete_overlap_produces_no_clean_speech" time="0.000" /><testcase classname="tests.test_audio" name="test_windows_keep_utterances_independent_and_within_bounds" time="0.000" /><testcase classname="tests.test_audio" name="test_turn_validation_sorts_and_clamps_only_small_end_rounding" time="0.000" /><testcase classname="tests.test_audio" name="test_invalid_turns_rejected[turn0]" time="0.000" /><testcase classname="tests.test_audio" name="test_invalid_turns_rejected[turn1]" time="0.000" /><testcase classname="tests.test_audio" name="test_invalid_turns_rejected[turn2]" time="0.000" /><testcase classname="tests.test_audio" name="test_invalid_turns_rejected[turn3]" time="0.000" /><testcase classname="tests.test_audio" name="test_invalid_turns_rejected[turn4]" time="0.000" /><testcase classname="tests.test_audio" name="test_invalid_turns_rejected[turn5]" time="0.000" /><testcase classname="tests.test_audio" name="test_invalid_turns_rejected[turn6]" time="0.000" /><testcase classname="tests.test_audio" name="test_invalid_turns_rejected[turn7]" time="0.000" /><testcase classname="tests.test_audio" name="test_invalid_turns_rejected[turn8]" time="0.000" /><testcase classname="tests.test_audio" name="test_invalid_turns_rejected[turn9]" time="0.000" /><testcase classname="tests.test_audio" name="test_invalid_recording_duration_rejected[0]" time="0.000" /><testcase classname="tests.test_audio" name="test_invalid_recording_duration_rejected[-1]" time="0.000" /><testcase classname="tests.test_audio" name="test_invalid_recording_duration_rejected[nan]" time="0.000" /><testcase classname="tests.test_audio" name="test_invalid_recording_duration_rejected[inf]" time="0.000" /><testcase classname="tests.test_audio" name="test_load_stereo_downmix_and_select_channel" time="0.008" /><testcase classname="tests.test_audio" name="test_invalid_channel_rejected_cleanly[-1]" time="0.001" /><testcase classname="tests.test_audio" name="test_invalid_channel_rejected_cleanly[2]" time="0.001" /><testcase classname="tests.test_audio" name="test_invalid_channel_rejected_cleanly[0.5]" time="0.001" /><testcase classname="tests.test_audio" name="test_invalid_channel_rejected_cleanly[True]" time="0.001" /><testcase classname="tests.test_audio" name="test_invalid_channel_rejected_cleanly[0]" time="0.001" /><testcase classname="tests.test_audio" name="test_audio_resampled_to_sixteen_khz[8000]" time="0.002" /><testcase classname="tests.test_audio" name="test_audio_resampled_to_sixteen_khz[44100]" time="0.003" /><testcase classname="tests.test_audio" name="test_audio_resampled_to_sixteen_khz[48000]" time="0.002" /><testcase classname="tests.test_audio" name="test_missing_corrupt_empty_and_nonfinite_audio_rejected" time="0.001" /><testcase classname="tests.test_backends" name="test_construction_is_lazy" time="0.001" /><testcase classname="tests.test_backends" name="test_invalid_device[SpeechBrainEmbedder-]" time="0.000" /><testcase classname="tests.test_backends" name="test_invalid_device[SpeechBrainEmbedder-gpu]" time="0.000" /><testcase classname="tests.test_backends" name="test_invalid_device[SpeechBrainEmbedder-cuda:-1]" time="0.000" /><testcase classname="tests.test_backends" name="test_invalid_device[SpeechBrainEmbedder-cpu:0]" time="0.000" /><testcase classname="tests.test_backends" name="test_invalid_device[SpeechBrainEmbedder-1]" time="0.000" /><testcase classname="tests.test_backends" name="test_invalid_device[SileroVAD-]" time="0.000" /><testcase classname="tests.test_backends" name="test_invalid_device[SileroVAD-gpu]" time="0.000" /><testcase classname="tests.test_backends" name="test_invalid_device[SileroVAD-cuda:-1]" time="0.000" /><testcase classname="tests.test_backends" name="test_invalid_device[SileroVAD-cpu:0]" time="0.000" /><testcase classname="tests.test_backends" name="test_invalid_device[SileroVAD-1]" time="0.000" /><testcase classname="tests.test_backends" name="test_invalid_device[PyannoteDiarizer-]" time="0.000" /><testcase classname="tests.test_backends" name="test_invalid_device[PyannoteDiarizer-gpu]" time="0.000" /><testcase classname="tests.test_backends" name="test_invalid_device[PyannoteDiarizer-cuda:-1]" time="0.000" /><testcase classname="tests.test_backends" name="test_invalid_device[PyannoteDiarizer-cpu:0]" time="0.000" /><testcase classname="tests.test_backends" name="test_invalid_device[PyannoteDiarizer-1]" time="0.000" /><testcase classname="tests.test_backends" name="test_embedder_rejects_invalid_audio_before_loading[audio0-16000-mono]" time="0.001" /><testcase classname="tests.test_backends" name="test_embedder_rejects_invalid_audio_before_loading[audio1-8000-16000]" time="0.001" /><testcase classname="tests.test_backends" name="test_embedder_rejects_invalid_audio_before_loading[audio2-16000-floating]" time="0.001" /><testcase classname="tests.test_backends" name="test_embedder_rejects_invalid_audio_before_loading[audio3-16000-finite]" time="0.000" /><testcase classname="tests.test_backends" name="test_embedder_rejects_invalid_audio_before_loading[audio4-16000-finite]" time="0.000" /><testcase classname="tests.test_backends" name="test_embedder_rejects_invalid_audio_before_loading[audio5-16000-within]" time="0.001" /><testcase classname="tests.test_backends" name="test_embedder_rejects_invalid_audio_before_loading[audio6-16000-at least 1 seconds]" time="0.000" /><testcase classname="tests.test_backends" name="test_ecapa_revision_copy_contract_and_normalized_embedding" time="0.001" /><testcase classname="tests.test_backends" name="test_invalid_embedding_never_reaches_identity_store[vector0]" time="0.001" /><testcase classname="tests.test_backends" name="test_invalid_embedding_never_reaches_identity_store[vector1]" time="0.001" /><testcase classname="tests.test_backends" name="test_invalid_embedding_never_reaches_identity_store[vector2]" time="0.001" /><testcase classname="tests.test_backends" name="test_missing_optional_dependencies_have_install_command[SpeechBrainEmbedder-encode---extra ml]" time="0.001" /><testcase classname="tests.test_backends" name="test_missing_optional_dependencies_have_install_command[SileroVAD-speech_spans---extra ml]" time="0.001" /><testcase classname="tests.test_backends" name="test_missing_optional_dependencies_have_install_command[PyannoteDiarizer-diarize---extra diarization]" time="0.001" /><testcase classname="tests.test_backends" name="test_silero_uses_installed_model_and_precise_sample_offsets" time="0.001" /><testcase classname="tests.test_backends" name="test_invalid_vad_intervals_fail[span0]" time="0.001" /><testcase classname="tests.test_backends" name="test_invalid_vad_intervals_fail[span1]" time="0.001" /><testcase classname="tests.test_backends" name="test_invalid_vad_intervals_fail[span2]" time="0.001" /><testcase classname="tests.test_backends" name="test_pyannote_preserves_overlap_and_uses_current_api" time="0.001" /><testcase classname="tests.test_backends" name="test_invalid_speaker_counts_fail_before_loading[counts0]" time="0.000" /><testcase classname="tests.test_backends" name="test_invalid_speaker_counts_fail_before_loading[counts1]" time="0.000" /><testcase classname="tests.test_backends" name="test_invalid_speaker_counts_fail_before_loading[counts2]" time="0.001" /><testcase classname="tests.test_backends" name="test_invalid_speaker_counts_fail_before_loading[counts3]" time="0.000" /><testcase classname="tests.test_backends" name="test_invalid_speaker_counts_fail_before_loading[counts4]" time="0.000" /><testcase classname="tests.test_backends" name="test_invalid_speaker_counts_fail_before_loading[counts5]" time="0.000" /><testcase classname="tests.test_backends" name="test_invalid_speaker_counts_fail_before_loading[counts6]" time="0.000" /><testcase classname="tests.test_backends" name="test_pyannote_model_access_errors_do_not_expose_credentials" time="0.001" /><testcase classname="tests.test_backends" name="test_legacy_pyannote_output_fails_explicitly" time="0.001" /><testcase classname="tests.test_cli" name="test_demo_reopens_memory_and_adds_sixth" time="0.006" /><testcase classname="tests.test_cli" name="test_demo_writes_json_artifact" time="0.007" /><testcase classname="tests.test_cli" name="test_evaluate_cli" time="0.002" /><testcase classname="tests.test_cli" name="test_evaluate_errors_are_actionable[not JSON]" time="0.002" /><testcase classname="tests.test_cli" name="test_evaluate_errors_are_actionable[{}]" time="0.002" /><testcase classname="tests.test_cli" name="test_evaluate_errors_are_actionable[[{&quot;status&quot;: &quot;recognized&quot;}]]" time="0.002" /><testcase classname="tests.test_cli" name="test_profiles_do_not_load_model" time="0.004" /><testcase classname="tests.test_cli" name="test_invalid_matching_policy_fails_before_audio_loading" time="0.002" /><testcase classname="tests.test_evaluation" name="test_open_set_metrics_count_rejections_in_known_denominator" time="0.000" /><testcase classname="tests.test_evaluation" name="test_empty_input_has_counts_and_undefined_rates" time="0.000" /><testcase classname="tests.test_evaluation" name="test_only_known_probes_leave_fpir_undefined" time="0.000" /><testcase classname="tests.test_evaluation" name="test_only_unknown_probes_leave_known_rates_undefined" time="0.000" /><testcase classname="tests.test_evaluation" name="test_persistent_identity_errors_are_not_remapped" time="0.000" /><testcase classname="tests.test_evaluation" name="test_duration_is_metadata_and_input_is_unchanged" time="0.000" /><testcase classname="tests.test_evaluation" name="test_invalid_container_or_record_raises_value_error[None]" time="0.000" /><testcase classname="tests.test_evaluation" name="test_invalid_container_or_record_raises_value_error[records1]" time="0.000" /><testcase classname="tests.test_evaluation" name="test_invalid_container_or_record_raises_value_error[[]]" time="0.000" /><testcase classname="tests.test_evaluation" name="test_invalid_container_or_record_raises_value_error[records3]" time="0.000" /><testcase classname="tests.test_evaluation" name="test_invalid_container_or_record_raises_value_error[7]" time="0.000" /><testcase classname="tests.test_evaluation" name="test_invalid_container_or_record_raises_value_error[records5]" time="0.000" /><testcase classname="tests.test_evaluation" name="test_invalid_container_or_record_raises_value_error[records6]" time="0.000" /><testcase classname="tests.test_evaluation" name="test_invalid_container_or_record_raises_value_error[records7]" time="0.000" /><testcase classname="tests.test_evaluation" name="test_required_keys_cannot_be_omitted[ground_truth]" time="0.000" /><testcase classname="tests.test_evaluation" name="test_required_keys_cannot_be_omitted[predicted_id]" time="0.000" /><testcase classname="tests.test_evaluation" name="test_required_keys_cannot_be_omitted[status]" time="0.000" /><testcase classname="tests.test_evaluation" name="test_ground_truth_requires_nonempty_id_or_none[]" time="0.000" /><testcase classname="tests.test_evaluation" name="test_ground_truth_requires_nonempty_id_or_none[  ]" time="0.000" /><testcase classname="tests.test_evaluation" name="test_ground_truth_requires_nonempty_id_or_none[0]" time="0.000" /><testcase classname="tests.test_evaluation" name="test_ground_truth_requires_nonempty_id_or_none[False]" time="0.000" /><testcase classname="tests.test_evaluation" name="test_ground_truth_requires_nonempty_id_or_none[actual4]" time="0.000" /><testcase classname="tests.test_evaluation" name="test_ground_truth_requires_nonempty_id_or_none[actual5]" time="0.000" /><testcase classname="tests.test_evaluation" name="test_invalid_status_raises_value_error[None]" time="0.000" /><testcase classname="tests.test_evaluation" name="test_invalid_status_raises_value_error[1]" time="0.000" /><testcase classname="tests.test_evaluation" name="test_invalid_status_raises_value_error[True]" time="0.000" /><testcase classname="tests.test_evaluation" name="test_invalid_status_raises_value_error[status3]" time="0.000" /><testcase classname="tests.test_evaluation" name="test_invalid_status_raises_value_error[status4]" time="0.000" /><testcase classname="tests.test_evaluation" name="test_invalid_status_raises_value_error[]" time="0.000" /><testcase classname="tests.test_evaluation" name="test_invalid_status_raises_value_error[rejected]" time="0.000" /><testcase classname="tests.test_evaluation" name="test_invalid_status_raises_value_error[RECOGNIZED]" time="0.000" /><testcase classname="tests.test_evaluation" name="test_recognized_requires_nonempty_id[None]" time="0.000" /><testcase classname="tests.test_evaluation" name="test_recognized_requires_nonempty_id[]" time="0.000" /><testcase classname="tests.test_evaluation" name="test_recognized_requires_nonempty_id[  ]" time="0.000" /><testcase classname="tests.test_evaluation" name="test_recognized_requires_nonempty_id[1]" time="0.000" /><testcase classname="tests.test_evaluation" name="test_recognized_requires_nonempty_id[True]" time="0.000" /><testcase classname="tests.test_evaluation" name="test_recognized_requires_nonempty_id[predicted5]" time="0.000" /><testcase classname="tests.test_evaluation" name="test_recognized_requires_nonempty_id[predicted6]" time="0.000" /><testcase classname="tests.test_evaluation" name="test_nonrecognized_status_requires_none_prediction[a-unknown]" time="0.000" /><testcase classname="tests.test_evaluation" name="test_nonrecognized_status_requires_none_prediction[a-ambiguous]" time="0.000" /><testcase classname="tests.test_evaluation" name="test_nonrecognized_status_requires_none_prediction[a-new]" time="0.000" /><testcase classname="tests.test_evaluation" name="test_nonrecognized_status_requires_none_prediction[-unknown]" time="0.000" /><testcase classname="tests.test_evaluation" name="test_nonrecognized_status_requires_none_prediction[-ambiguous]" time="0.000" /><testcase classname="tests.test_evaluation" name="test_nonrecognized_status_requires_none_prediction[-new]" time="0.000" /><testcase classname="tests.test_evaluation" name="test_nonrecognized_status_requires_none_prediction[False-unknown]" time="0.000" /><testcase classname="tests.test_evaluation" name="test_nonrecognized_status_requires_none_prediction[False-ambiguous]" time="0.001" /><testcase classname="tests.test_evaluation" name="test_nonrecognized_status_requires_none_prediction[False-new]" time="0.000" /><testcase classname="tests.test_evaluation" name="test_nonrecognized_status_requires_none_prediction[0-unknown]" time="0.000" /><testcase classname="tests.test_evaluation" name="test_nonrecognized_status_requires_none_prediction[0-ambiguous]" time="0.001" /><testcase classname="tests.test_evaluation" name="test_nonrecognized_status_requires_none_prediction[0-new]" time="0.000" /><testcase classname="tests.test_evaluation" name="test_nonrecognized_status_requires_none_prediction[predicted4-unknown]" time="0.000" /><testcase classname="tests.test_evaluation" name="test_nonrecognized_status_requires_none_prediction[predicted4-ambiguous]" time="0.000" /><testcase classname="tests.test_evaluation" name="test_nonrecognized_status_requires_none_prediction[predicted4-new]" time="0.000" /><testcase classname="tests.test_evaluation" name="test_invalid_optional_duration_raises_value_error[None]" time="0.000" /><testcase classname="tests.test_evaluation" name="test_invalid_optional_duration_raises_value_error[0]" time="0.000" /><testcase classname="tests.test_evaluation" name="test_invalid_optional_duration_raises_value_error[-1]" time="0.000" /><testcase classname="tests.test_evaluation" name="test_invalid_optional_duration_raises_value_error[True]" time="0.000" /><testcase classname="tests.test_evaluation" name="test_invalid_optional_duration_raises_value_error[3]" time="0.000" /><testcase classname="tests.test_evaluation" name="test_invalid_optional_duration_raises_value_error[duration5]" time="0.000" /><testcase classname="tests.test_evaluation" name="test_invalid_optional_duration_raises_value_error[nan]" time="0.001" /><testcase classname="tests.test_evaluation" name="test_invalid_optional_duration_raises_value_error[inf]" time="0.000" /><testcase classname="tests.test_evaluation" name="test_invalid_optional_duration_raises_value_error[-10000000000000000000000000000000000000000000000000000000000000000000000000000000000000000000000000000000000000000000000000000000000000000000000000000000000000000000000000000000000000000000000000000000000000000000000000000000000000000000000000000000000000000000000000000000000000000000000000000000000000000000000000000000000000000000000000000000000000000000000000000000000000000000000000000000000000000]" time="0.000" /><testcase classname="tests.test_evaluation" name="test_invalid_optional_duration_raises_value_error[10000000000000000000000000000000000000000000000000000000000000000000000000000000000000000000000000000000000000000000000000000000000000000000000000000000000000000000000000000000000000000000000000000000000000000000000000000000000000000000000000000000000000000000000000000000000000000000000000000000000000000000000000000000000000000000000000000000000000000000000000000000000000000000000000000000000000000]" time="0.000" /><testcase classname="tests.test_identity" name="test_empty_registry_is_unknown_but_still_validates_query" time="0.000" /><testcase classname="tests.test_identity" name="test_clear_match_uses_centroid_and_leaves_examples_unchanged" time="0.000" /><testcase classname="tests.test_identity" name="test_one_registered_person_requires_absolute_threshold" time="0.000" /><testcase classname="tests.test_identity" name="test_near_tie_is_ambiguous_even_with_high_score" time="0.000" /><testcase classname="tests.test_identity" name="test_low_score_is_unknown_and_does_not_assign_nearest_speaker" time="0.000" /><testcase classname="tests.test_identity" name="test_threshold_boundaries_are_explicit" time="0.000" /><testcase classname="tests.test_identity" name="test_invalid_policy_rejected[kwargs0]" time="0.000" /><testcase classname="tests.test_identity" name="test_invalid_policy_rejected[kwargs1]" time="0.000" /><testcase classname="tests.test_identity" name="test_invalid_policy_rejected[kwargs2]" time="0.000" /><testcase classname="tests.test_identity" name="test_invalid_policy_rejected[kwargs3]" time="0.000" /><testcase classname="tests.test_identity" name="test_invalid_policy_rejected[kwargs4]" time="0.000" /><testcase classname="tests.test_identity" name="test_invalid_policy_rejected[kwargs5]" time="0.000" /><testcase classname="tests.test_identity" name="test_invalid_policy_rejected[kwargs6]" time="0.000" /><testcase classname="tests.test_identity" name="test_invalid_policy_rejected[kwargs7]" time="0.000" /><testcase classname="tests.test_identity" name="test_invalid_policy_rejected[kwargs8]" time="0.000" /><testcase classname="tests.test_identity" name="test_invalid_policy_rejected[kwargs9]" time="0.000" /><testcase classname="tests.test_identity" name="test_invalid_embedding_rejected[value0]" time="0.000" /><testcase classname="tests.test_identity" name="test_invalid_embedding_rejected[value1]" time="0.000" /><testcase classname="tests.test_identity" name="test_invalid_embedding_rejected[value2]" time="0.000" /><testcase classname="tests.test_identity" name="test_invalid_embedding_rejected[value3]" time="0.000" /><testcase classname="tests.test_identity" name="test_invalid_embedding_rejected[value4]" time="0.000" /><testcase classname="tests.test_identity" name="test_invalid_embedding_rejected[value5]" time="0.000" /><testcase classname="tests.test_identity" name="test_invalid_embedding_rejected[hello]" time="0.000" /><testcase classname="tests.test_identity" name="test_large_and_tiny_values_normalize_without_numerical_overflow" time="0.000" /><testcase classname="tests.test_identity" name="test_dimension_mismatch_and_corrupt_profiles_rejected" time="0.001" /><testcase classname="tests.test_identity" name="test_sixty_four_profiles_are_distinguished_functionally" time="0.084" /><testcase classname="tests.test_pipeline" name="test_five_people_then_sixth_survive_new_recording_and_reload" time="0.046" /><testcase classname="tests.test_pipeline" name="test_unknown_does_not_enroll_without_explicit_learn_new" time="0.004" /><testcase classname="tests.test_pipeline" name="test_short_speech_never_enrolls[2.0]" time="0.002" /><testcase classname="tests.test_pipeline" name="test_short_speech_never_enrolls[4.0]" time="0.003" /><testcase classname="tests.test_pipeline" name="test_short_speech_never_enrolls[9.0]" time="0.004" /><testcase classname="tests.test_pipeline" name="test_silent_or_heavily_clipped_speech_is_unusable[0.0]" time="0.002" /><testcase classname="tests.test_pipeline" name="test_silent_or_heavily_clipped_speech_is_unusable[1.0]" time="0.002" /><testcase classname="tests.test_pipeline" name="test_no_speech_or_only_overlap_never_enrolls" time="0.003" /><testcase classname="tests.test_pipeline" name="test_ambiguous_voice_never_enrolls_or_updates_known_profile" time="0.005" /><testcase classname="tests.test_pipeline" name="test_simultaneous_labels_cannot_claim_same_registered_identity" time="0.009" /><testcase classname="tests.test_pipeline" name="test_new_split_labels_reuse_first_enrollment_without_duplicate_or_self_update" time="0.008" /><testcase classname="tests.test_pipeline" name="test_inconsistent_windows_do_not_form_a_profile" time="0.004" /><testcase classname="tests.test_pipeline" name="test_compute_cap_samples_across_recording" time="0.057" /><testcase classname="tests.test_pipeline" name="test_pipeline_rejects_model_namespace_mismatch_before_encoding_or_writing[wrong-model@v1-6]" time="0.004" /><testcase classname="tests.test_pipeline" name="test_pipeline_rejects_model_namespace_mismatch_before_encoding_or_writing[synthetic-amplitude-test@v1-7]" time="0.003" /><testcase classname="tests.test_registry" name="test_five_known_people_then_sixth_persist_across_meetings" time="0.004" /><testcase classname="tests.test_registry" name="test_explicit_sample_append_is_capped_and_never_renames" time="0.006" /><testcase classname="tests.test_registry" name="test_rename_delete_and_numbering_do_not_change_other_ids" time="0.003" /><testcase classname="tests.test_registry" name="test_namespace_mismatch_rejected_without_changing_database[different@v2-2]" time="0.002" /><testcase classname="tests.test_registry" name="test_namespace_mismatch_rejected_without_changing_database[test/embedding-model@immutable-revision-3]" time="0.002" /><testcase classname="tests.test_registry" name="test_invalid_enrollment_does_not_allocate_id_or_write[value0]" time="0.001" /><testcase classname="tests.test_registry" name="test_invalid_enrollment_does_not_allocate_id_or_write[value1]" time="0.002" /><testcase classname="tests.test_registry" name="test_invalid_enrollment_does_not_allocate_id_or_write[value2]" time="0.002" /><testcase classname="tests.test_registry" name="test_invalid_enrollment_does_not_allocate_id_or_write[value3]" time="0.001" /><testcase classname="tests.test_registry" name="test_invalid_enrollment_does_not_allocate_id_or_write[value4]" time="0.002" /><testcase classname="tests.test_registry" name="test_matching_and_mutating_returned_arrays_do_not_update_registry" time="0.002" /><testcase classname="tests.test_registry" name="test_concurrent_enrollment_allocates_unique_sequential_names" time="0.023" /><testcase classname="tests.test_registry" name="test_failed_sample_insert_rolls_back_identity_and_counter" time="0.002" /><testcase classname="tests.test_registry" name="test_metadata_rechecked_before_writes" time="0.001" /><testcase classname="tests.test_registry" name="test_unrelated_database_rejected" time="0.001" /><testcase classname="tests.test_registry" name="test_invalid_names_rejected[]" time="0.001" /><testcase classname="tests.test_registry" name="test_invalid_names_rejected[  ]" time="0.001" /><testcase classname="tests.test_registry" name="test_invalid_names_rejected[7]" time="0.001" /><testcase classname="tests.test_registry" name="test_invalid_namespace_rejected[-2]" time="0.001" /><testcase classname="tests.test_registry" name="test_invalid_namespace_rejected[  -2]" time="0.001" /><testcase classname="tests.test_registry" name="test_invalid_namespace_rejected[test/embedding-model@immutable-revision-0]" time="0.001" /><testcase classname="tests.test_registry" name="test_invalid_namespace_rejected[test/embedding-model@immutable-revision-True]" time="0.001" /><testcase classname="tests.test_registry" name="test_invalid_namespace_rejected[test/embedding-model@immutable-revision-2.5]" time="0.001" /><testcase classname="tests.test_speaker_dataset" name="test_complete_initial_and_return_phases_are_ready" time="0.037" /><testcase classname="tests.test_speaker_dataset" name="test_enrollment_query_leakage_is_not_ready[session_id]" time="0.033" /><testcase classname="tests.test_speaker_dataset" name="test_enrollment_query_leakage_is_not_ready[source_recording_id]" time="0.034" /><testcase classname="tests.test_speaker_dataset" name="test_later_enrollment_requires_independent_initial_unknown_and_return" time="0.043" /><testcase classname="tests.test_speaker_dataset" name="test_original_source_cannot_cross_roles_under_another_speaker_id" time="0.036" /><testcase classname="tests.test_speaker_dataset" name="test_duplicate_audio_cannot_inflate_trials[path]" time="0.038" /><testcase classname="tests.test_speaker_dataset" name="test_duplicate_audio_cannot_inflate_trials[bytes]" time="0.033" /><testcase classname="tests.test_speaker_dataset" name="test_duplicate_audio_cannot_inflate_trials[decoded_pcm]" time="0.064" /><testcase classname="tests.test_speaker_dataset" name="test_later_first_duplicate_cannot_hide_initial_duplicates[path]" time="0.031" /><testcase classname="tests.test_speaker_dataset" name="test_later_first_duplicate_cannot_hide_initial_duplicates[bytes]" time="0.032" /><testcase classname="tests.test_speaker_dataset" name="test_later_first_duplicate_cannot_hide_initial_duplicates[decoded_pcm]" time="0.033" /><testcase classname="tests.test_speaker_dataset" name="test_missing_return_audio_keeps_initial_phase_ready" time="0.031" /><testcase classname="tests.test_speaker_dataset" name="test_counts_and_unknown_identity_overlap_are_rejected" time="0.031" /><testcase classname="tests.test_speaker_dataset" name="test_missing_return_phase_is_not_overall_ready" time="0.044" /><testcase classname="tests.test_speaker_dataset" name="test_minimum_query_counts_are_required[known_query]" time="0.033" /><testcase classname="tests.test_speaker_dataset" name="test_minimum_query_counts_are_required[unknown_query]" time="0.034" /><testcase classname="tests.test_speaker_dataset" name="test_paths_cannot_escape_dataset_root[../outside.wav]" time="0.035" /><testcase classname="tests.test_speaker_dataset" name="test_paths_cannot_escape_dataset_root[/outside.wav]" time="0.034" /><testcase classname="tests.test_speaker_dataset" name="test_paths_cannot_escape_dataset_root[C:/outside.wav]" time="0.034" /><testcase classname="tests.test_speaker_dataset" name="test_header_limits_and_actual_format_are_checked" time="0.040" /><testcase classname="tests.test_speaker_dataset" name="test_static_inference_compatibility_is_checked[1000-1-0.1]" time="0.035" /><testcase classname="tests.test_speaker_dataset" name="test_static_inference_compatibility_is_checked[200000-1-0.1]" time="0.039" /><testcase classname="tests.test_speaker_dataset" name="test_static_inference_compatibility_is_checked[8000-9-0.1]" time="0.037" /><testcase classname="tests.test_speaker_dataset" name="test_static_inference_compatibility_is_checked[8000-1-1.5]" time="0.037" /><testcase classname="tests.test_speaker_dataset" name="test_static_inference_compatibility_is_checked[8000-1-1.0]" time="0.033" /><testcase classname="tests.test_speaker_dataset" name="test_compressed_decoded_sample_limit_is_checked" time="0.185" /><testcase classname="tests.test_speaker_dataset" name="test_manifest_row_limit_is_checked_before_audio" time="0.020" /><testcase classname="tests.test_speaker_dataset" name="test_truncated_diagnostics_do_not_hide_invalid_return_phase" time="0.046" /><testcase classname="tests.test_speaker_dataset" name="test_duplicate_ids_and_missing_human_assertion_are_rejected" time="0.035" /><testcase classname="tests.test_speaker_dataset" name="test_cli_missing_files_writes_not_ready_without_modifying_inputs" time="0.020" /><testcase classname="tests.test_speaker_dataset" name="test_oversized_file_is_rejected_before_decoding" time="0.029" /><testcase classname="tests.test_speaker_dataset" name="test_cli_invalid_recordings_shape_still_writes_not_ready" time="0.009" /><testcase classname="tests.test_speaker_dataset" name="test_cli_manifest_byte_limit_is_checked" time="0.008" /><testcase classname="tests.test_speaker_dataset" name="test_cli_cannot_overwrite_source_inputs[manifest]" time="0.032" /><testcase classname="tests.test_speaker_dataset" name="test_cli_cannot_overwrite_source_inputs[audio]" time="0.031" /><testcase classname="tests.test_speaker_dataset" name="test_cli_cannot_overwrite_source_inputs[hardlink]" time="0.031" /><testcase classname="tests.test_speaker_dataset" name="test_template_declares_32_expected_files_and_no_audio" time="0.005" /><testcase classname="tests.test_public_speaker_dataset" name="test_archive_rejects_unsafe_members[../escape-0]" time="0.025" /><testcase classname="tests.test_public_speaker_dataset" name="test_archive_rejects_unsafe_members[/absolute-0]" time="0.007" /><testcase classname="tests.test_public_speaker_dataset" name="test_archive_rejects_unsafe_members[C:/absolute-0]" time="0.006" /><testcase classname="tests.test_public_speaker_dataset" name="test_archive_rejects_unsafe_members[LibriSpeech\\escape-0]" time="0.007" /><testcase classname="tests.test_public_speaker_dataset" name="test_archive_rejects_unsafe_members[LibriSpeech/link-2]" time="0.006" /><testcase classname="tests.test_public_speaker_dataset" name="test_archive_rejects_unsafe_members[LibriSpeech/link-1]" time="0.006" /><testcase classname="tests.test_public_speaker_dataset" name="test_archive_rejects_unsafe_members[LibriSpeech/device-3]" time="0.006" /><testcase classname="tests.test_public_speaker_dataset" name="test_archive_rejects_unsafe_members[LibriSpeech/a/../escape-0]" time="0.006" /><testcase classname="tests.test_public_speaker_dataset" name="test_extraction_preserves_identical_metadata_and_refuses_conflict" time="0.008" /><testcase classname="tests.test_public_speaker_dataset" name="test_extract_member_and_total_limits" time="0.006" /><testcase classname="tests.test_public_speaker_dataset" name="test_download_checks_upstream_digest_and_records_sha256" time="0.007" /><testcase classname="tests.test_public_speaker_dataset" name="test_download_failures_never_publish_archive[length]" time="0.006" /><testcase classname="tests.test_public_speaker_dataset" name="test_download_failures_never_publish_archive[hash]" time="0.007" /><testcase classname="tests.test_public_speaker_dataset" name="test_download_failures_never_publish_archive[short]" time="0.007" /><testcase classname="tests.test_public_speaker_dataset" name="test_download_failures_never_publish_archive[large]" time="0.008" /><testcase classname="tests.test_public_speaker_dataset" name="test_download_failures_never_publish_archive[status]" time="0.007" /><testcase classname="tests.test_public_speaker_dataset" name="test_download_failures_never_publish_archive[deadline]" time="0.008" /><testcase classname="tests.test_public_speaker_dataset" name="test_existing_tampered_archive_and_partial_are_preserved" time="0.007" /><testcase classname="tests.test_public_speaker_dataset" name="test_http_redirects_are_refused" time="0.006" /><testcase classname="tests.test_public_speaker_dataset" name="test_windows_junction_cannot_redirect_output" time="0.000"><skipped type="pytest.skip" message="Windows junction boundary">C:\Users\furko\Desktop\VoiceUpMeating\tests\test_public_speaker_dataset.py:168: Windows junction boundary</skipped></testcase><testcase classname="tests.test_public_speaker_dataset" name="test_plan_is_deterministic_disjoint_and_cross_chapter" time="0.020" /><testcase classname="tests.test_public_speaker_dataset" name="test_insufficient_cross_chapter_data_is_not_silently_downgraded" time="0.018" /><testcase classname="tests.test_public_speaker_dataset" name="test_written_manifest_preserves_audio_and_provenance" time="0.053" /><testcase classname="tests.test_public_speaker_dataset" name="test_fresh_holdout_excludes_every_prior_reader_and_preserves_v1" time="0.043" /><testcase classname="tests.test_public_speaker_dataset" name="test_fresh_holdout_never_backfills_from_excluded_readers" time="0.019" /><testcase classname="tests.test_public_speaker_dataset" name="test_source_specific_archive_limits_do_not_weaken_original_sources" time="0.011" /><testcase classname="tests.test_public_speaker_dataset" name="test_fresh_cli_preflights_before_any_network[missing_exclusions]" time="0.012" /><testcase classname="tests.test_public_speaker_dataset" name="test_fresh_cli_preflights_before_any_network[overlapping_roots]" time="0.015" /><testcase classname="tests.test_public_speaker_dataset" name="test_fresh_cli_preflights_before_any_network[no_opt_in]" time="0.012" /><testcase classname="tests.test_public_speaker_dataset" name="test_pinned_fresh_source_and_old_default_sources_are_separate" time="0.011" /><testcase classname="tests.test_public_speaker_dataset" name="test_exclusion_inventory_uses_actual_audio_not_whole_corpus_metadata" time="0.013" /><testcase classname="tests.test_public_speaker_dataset" name="test_new_archive_member_count_limit_is_still_enforced" time="0.014" /><testcase classname="tests.test_public_speaker_dataset" name="test_original_cli_never_downloads_fresh_archive" time="0.020" /><testcase classname="tests.test_public_speaker_evaluation" name="test_failed_probes_and_missing_enrollment_stay_in_denominator" time="0.037" /><testcase classname="tests.test_public_speaker_evaluation" name="test_wilson_interval_includes_nonzero_uncertainty_at_zero_errors" time="0.009" /><testcase classname="tests.test_public_speaker_evaluation" name="test_manifest_preflight_rejects_hash_mismatch_before_api" time="0.009" /><testcase classname="tests.test_public_speaker_evaluation" name="test_manifest_guards[&lt;lambda&gt;-source_role_leakage]" time="0.009" /><testcase classname="tests.test_public_speaker_evaluation" name="test_manifest_guards[&lt;lambda&gt;-duplicate_source_utterance]" time="0.009" /><testcase classname="tests.test_public_speaker_evaluation" name="test_manifest_guards[&lt;lambda&gt;-unsafe_audio_path]" time="0.009" /><testcase classname="tests.test_public_speaker_evaluation" name="test_manifest_guards[&lt;lambda&gt;-invalid_gallery_order]" time="0.009" /><testcase classname="tests.test_public_speaker_evaluation" name="test_manifest_guards[&lt;lambda&gt;-invalid_manifest]" time="0.009" /><testcase classname="tests.test_public_speaker_evaluation" name="test_resume_binding_refuses_different_tenant_and_manifest" time="0.009" /><testcase classname="tests.test_public_speaker_evaluation" name="test_stable_keys_bind_run_and_operation" time="0.009" /><testcase classname="tests.test_public_speaker_evaluation" name="test_atomic_json_refuses_overwriting_protected_inputs" time="0.009" /><testcase classname="tests.test_public_speaker_evaluation" name="test_public_http_enrollment_query_return_and_completed_resume" time="0.601" /><testcase classname="tests.test_public_speaker_evaluation" name="test_failed_enrollment_does_not_drop_known_probes" time="0.577" /><testcase classname="tests.test_public_speaker_evaluation" name="test_failed_quality_job_is_retained_in_live_metric_denominator" time="0.569" /><testcase classname="tests.test_public_speaker_evaluation" name="test_lost_job_response_replays_key_without_duplicate_profile" time="0.600" /><testcase classname="tests.test_public_speaker_evaluation" name="test_frozen_contract_and_identify_mutation_are_detected[change_policy-frozen_inference_contract_changed]" time="0.534" /><testcase classname="tests.test_public_speaker_evaluation" name="test_frozen_contract_and_identify_mutation_are_detected[change_gallery-evaluation_gallery_changed]" time="0.540" /><testcase classname="tests.test_public_speaker_evaluation" name="test_nonempty_fresh_gallery_is_rejected_before_upload" time="0.530" /><testcase classname="tests.test_public_speaker_evaluation" name="test_state_lock_prevents_two_runners_and_releases_after_error" time="0.009" /><testcase classname="tests.test_public_speaker_evaluation" name="test_poll_timeout_leaves_resumable_pending_operation" time="0.624" /><testcase classname="tests.test_public_speaker_evaluation" name="test_invalid_timestamps_do_not_partially_commit_resume_gallery" time="0.556" /><testcase classname="tests.test_public_speaker_evaluation" name="test_expired_token_reauthenticates_once_and_preserves_request" time="0.534" /><testcase classname="tests.test_public_speaker_evaluation" name="test_returning_wrong_tenant_never_uploads" time="0.530" /><testcase classname="tests.test_public_speaker_evaluation" name="test_main_rejects_bad_data_before_network_or_state" time="0.012" /><testcase classname="tests.test_public_speaker_evaluation" name="test_invalid_frozen_policies_fail_closed[None]" time="0.017" /><testcase classname="tests.test_public_speaker_evaluation" name="test_invalid_frozen_policies_fail_closed[value1]" time="0.009" /><testcase classname="tests.test_public_speaker_evaluation" name="test_invalid_frozen_policies_fail_closed[value2]" time="0.008" /><testcase classname="tests.test_public_speaker_evaluation" name="test_invalid_frozen_policies_fail_closed[value3]" time="0.009" /><testcase classname="tests.test_public_speaker_evaluation" name="test_invalid_frozen_policies_fail_closed[value4]" time="0.009" /><testcase classname="tests.test_public_speaker_evaluation" name="test_invalid_frozen_policies_fail_closed[value5]" time="0.014" /><testcase classname="tests.test_public_speaker_evaluation" name="test_invalid_frozen_policies_fail_closed[value6]" time="0.008" /><testcase classname="tests.test_public_speaker_evaluation" name="test_invalid_frozen_policies_fail_closed[value7]" time="0.011" /><testcase classname="tests.test_public_speaker_evaluation" name="test_invalid_frozen_policies_fail_closed[value8]" time="0.009" /><testcase classname="tests.test_public_speaker_evaluation" name="test_invalid_frozen_policies_fail_closed[value9]" time="0.008" /><testcase classname="tests.test_public_speaker_evaluation" name="test_invalid_frozen_policies_fail_closed[value10]" time="0.009" /><testcase classname="tests.test_public_speaker_evaluation" name="test_invalid_frozen_policies_fail_closed[value11]" time="0.009" /><testcase classname="tests.test_public_speaker_evaluation" name="test_invalid_frozen_policies_fail_closed[value12]" time="0.008" /><testcase classname="tests.test_public_speaker_evaluation" name="test_invalid_frozen_policies_fail_closed[value13]" time="0.008" /><testcase classname="tests.test_public_speaker_evaluation" name="test_invalid_frozen_policies_fail_closed[value14]" time="0.010" /><testcase classname="tests.test_public_speaker_evaluation" name="test_different_frozen_policy_uses_binding_without_altering_defaults" time="0.579" /><testcase classname="tests.test_public_speaker_evaluation" name="test_api_cannot_silently_change_selected_policy" time="0.549" /><testcase classname="tests.test_public_speaker_evaluation" name="test_invalid_policy_precedes_all_network_and_input_reads" time="0.014" /><testcase classname="tests.test_public_speaker_evaluation" name="test_policy_file_is_protected_from_output_overwrite" time="0.513" /><testcase classname="tests.test_public_speaker_evaluation" name="test_required_preprocessing_provenance_is_bound_and_completed_resume_is_stable[vad-windows-v1]" time="0.622" /><testcase classname="tests.test_public_speaker_evaluation" name="test_required_preprocessing_provenance_is_bound_and_completed_resume_is_stable[vad-packed-fallback-v1]" time="0.625" /><testcase classname="tests.test_public_speaker_evaluation" name="test_required_preprocessing_provenance_rejects_missing_and_invalid_http_results[metadata0]" time="0.556" /><testcase classname="tests.test_public_speaker_evaluation" name="test_required_preprocessing_provenance_rejects_missing_and_invalid_http_results[metadata1]" time="0.555" /><testcase classname="tests.test_public_speaker_evaluation" name="test_required_preprocessing_provenance_rejects_missing_and_invalid_http_results[metadata2]" time="0.562" /><testcase classname="tests.test_public_speaker_evaluation" name="test_required_preprocessing_provenance_rejects_missing_and_invalid_http_results[metadata3]" time="0.564" /><testcase classname="tests.test_public_speaker_evaluation" name="test_required_preprocessing_provenance_rejects_missing_and_invalid_http_results[metadata4]" time="0.557" /><testcase classname="tests.test_public_speaker_evaluation" name="test_required_preprocessing_provenance_rejects_missing_and_invalid_http_results[metadata5]" time="0.550" /><testcase classname="tests.test_public_speaker_evaluation" name="test_required_preprocessing_does_not_require_metadata_from_failed_jobs" time="0.597" /><testcase classname="tests.test_public_speaker_evaluation" name="test_required_preprocessing_validates_queries_after_valid_enrollment[None]" time="0.575" /><testcase classname="tests.test_public_speaker_evaluation" name="test_required_preprocessing_validates_queries_after_valid_enrollment[unsupported-identify-version]" time="0.584" /><testcase classname="tests.test_public_speaker_evaluation" name="test_omitted_provenance_flag_preserves_exact_historical_binding" time="0.623" /><testcase classname="tests.test_public_speaker_evaluation" name="test_provenance_requirement_cannot_change_on_resume[False]" time="0.597" /><testcase classname="tests.test_public_speaker_evaluation" name="test_provenance_requirement_cannot_change_on_resume[True]" time="0.596" /><testcase classname="tests.test_public_speaker_evaluation" name="test_required_provenance_resume_revalidates_bound_versions_and_retained_successes[binding-resume_binding_mismatch]" time="0.597" /><testcase classname="tests.test_public_speaker_evaluation" name="test_required_provenance_resume_revalidates_bound_versions_and_retained_successes[result-frozen_inference_contract_changed]" time="0.596" /><testcase classname="tests.test_public_speaker_report" name="test_clustered_rate_counts_failures_and_is_reproducible" time="0.029" /><testcase classname="tests.test_public_speaker_report" name="test_no_error_bootstrap_does_not_claim_zero_population_risk" time="0.010" /><testcase classname="tests.test_public_speaker_report" name="test_anonymous_summary_does_not_copy_private_payload" time="0.009" /><testcase classname="tests.test_public_speaker_report" name="test_subset_statistics_keep_failed_probes" time="0.007" /><testcase classname="tests.test_public_speaker_report" name="test_invalid_stage_is_not_silently_dropped" time="0.008" /><testcase classname="tests.test_public_speaker_report" name="test_return_outcomes_distinguish_wrong_identity_rejection_and_missing_queries" time="0.009" /><testcase classname="tests.test_public_speaker_report" name="test_failed_return_enrollment_does_not_hide_unstarted_planned_query" time="0.009" /><testcase classname="tests.test_public_speaker_report" name="test_historical_return_input_does_not_invent_planned_totals" time="0.006" /><testcase classname="tests.test_public_speaker_report" name="test_inconsistent_return_plan_is_not_silently_truncated[planned0]" time="0.007" /><testcase classname="tests.test_public_speaker_report" name="test_inconsistent_return_plan_is_not_silently_truncated[planned1]" time="0.006" /><testcase classname="tests.test_public_speaker_report" name="test_inconsistent_return_plan_is_not_silently_truncated[planned2]" time="0.006" /><testcase classname="tests.test_public_speaker_report" name="test_fresh_train_clean_source_is_not_dropped_from_complete_strata" time="0.007" /><testcase classname="tests.test_public_speaker_report" name="test_preprocessing_aggregate_uses_only_bounded_labels_for_successful_jobs" time="0.008" /></testsuite></testsuites>