{"numTotalTestSuites":17,"numPassedTestSuites":17,"numFailedTestSuites":0,"numPendingTestSuites":0,"numTotalTests":21,"numPassedTests":21,"numFailedTests":0,"numPendingTests":0,"numTodoTests":0,"snapshot":{"added":0,"failure":false,"filesAdded":0,"filesRemoved":0,"filesRemovedList":[],"filesUnmatched":0,"filesUpdated":0,"matched":0,"total":0,"unchecked":0,"uncheckedKeysByFile":[],"unmatched":0,"updated":0,"didUpdate":false},"startTime":1788902692787,"success":true,"testResults":[{"assertionResults":[{"ancestorTitles":["audio submission contract"],"fullName":"audio submission contract retries a lost job response with the same key and does not repeat the successful upload","status":"passed","title":"retries a lost job response with the same key and does not repeat the successful upload","duration":83.14657399999987,"failureMessages":[],"meta":{},"tags":[]},{"ancestorTitles":["audio submission contract"],"fullName":"audio submission contract reuses the upload key after a lost upload response","status":"passed","title":"reuses the upload key after a lost upload response","duration":21.312823999999864,"failureMessages":[],"meta":{},"tags":[]},{"ancestorTitles":["audio submission contract"],"fullName":"audio submission contract sends an opaque target profile ID and never a new name for an added sample","status":"passed","title":"sends an opaque target profile ID and never a new name for an added sample","duration":15.550239000000147,"failureMessages":[],"meta":{},"tags":[]},{"ancestorTitles":["audio submission contract"],"fullName":"audio submission contract rejects oversize files before uploading","status":"passed","title":"rejects oversize files before uploading","duration":11.17819099999997,"failureMessages":[],"meta":{},"tags":[]}],"startTime":1788902694377,"endTime":1788902694508.1782,"status":"passed","message":"","name":"/app/src/components/AudioJobForm.test.tsx"},{"assertionResults":[{"ancestorTitles":["identity result presentation"],"fullName":"identity result presentation shows raw cosine instead of confidence percent","status":"passed","title":"shows raw cosine instead of confidence percent","duration":73.03342599999996,"failureMessages":[],"meta":{},"tags":[]},{"ancestorTitles":["identity result presentation"],"fullName":"identity result presentation does not reveal candidate identity for unknown","status":"passed","title":"does not reveal candidate identity for unknown","duration":11.02225599999997,"failureMessages":[],"meta":{},"tags":[]},{"ancestorTitles":["identity result presentation"],"fullName":"identity result presentation does not reveal candidate identity for ambiguous","status":"passed","title":"does not reveal candidate identity for ambiguous","duration":9.402450999999928,"failureMessages":[],"meta":{},"tags":[]},{"ancestorTitles":["identity result presentation"],"fullName":"identity result presentation does not present a deleted historical identity as active","status":"passed","title":"does not present a deleted historical identity as active","duration":13.768207999999959,"failureMessages":[],"meta":{},"tags":[]}],"startTime":1788902694290,"endTime":1788902694397.7683,"status":"passed","message":"","name":"/app/src/components/SpeakerResultCard.test.tsx"},{"assertionResults":[{"ancestorTitles":["shared API boundary"],"fullName":"shared API boundary lets the browser provide the multipart boundary","status":"passed","title":"lets the browser provide the multipart boundary","duration":6.90030999999999,"failureMessages":[],"meta":{},"tags":[]},{"ancestorTitles":["shared API boundary"],"fullName":"shared API boundary preserves the bearer session for an unrelated upstream 401","status":"passed","title":"preserves the bearer session for an unrelated upstream 401","duration":3.4607840000001033,"failureMessages":[],"meta":{},"tags":[]},{"ancestorTitles":["shared API boundary"],"fullName":"shared API boundary does not parse an empty successful DELETE response as JSON","status":"passed","title":"does not parse an empty successful DELETE response as JSON","duration":1.84805799999981,"failureMessages":[],"meta":{},"tags":[]},{"ancestorTitles":["shared API boundary"],"fullName":"shared API boundary retains stable error codes without exposing raw server detail to callers","status":"passed","title":"retains stable error codes without exposing raw server detail to callers","duration":4.195842999999968,"failureMessages":[],"meta":{},"tags":[]}],"startTime":1788902694096,"endTime":1788902694112.1958,"status":"passed","message":"","name":"/app/src/lib/apiClient.test.ts"},{"assertionResults":[{"ancestorTitles":["auth storage"],"fullName":"auth storage rejects malformed stored users and clears both session keys","status":"passed","title":"rejects malformed stored users and clears both session keys","duration":2.269717000000128,"failureMessages":[],"meta":{},"tags":[]}],"startTime":1788902694065,"endTime":1788902694067.2698,"status":"passed","message":"","name":"/app/src/lib/authStorage.test.ts"},{"assertionResults":[{"ancestorTitles":["platform home"],"fullName":"platform home does not ship a generic business resource","status":"passed","title":"does not ship a generic business resource","duration":3.3011119999998755,"failureMessages":[],"meta":{},"tags":[]}],"startTime":1788902694028,"endTime":1788902694031.301,"status":"passed","message":"","name":"/app/src/pages/HomePage.test.tsx"},{"assertionResults":[{"ancestorTitles":[],"fullName":"updates a visible login error when the locale changes","status":"passed","title":"updates a visible login error when the locale changes","duration":76.31650100000002,"failureMessages":[],"meta":{},"tags":[]}],"startTime":1788902694359,"endTime":1788902694435.3164,"status":"passed","message":"","name":"/app/src/pages/LoginPage.test.tsx"},{"assertionResults":[{"ancestorTitles":["saved job status"],"fullName":"saved job status loads a job by its public URL after refresh without starting it again","status":"passed","title":"loads a job by its public URL after refresh without starting it again","duration":108.34382699999992,"failureMessages":[],"meta":{},"tags":[]},{"ancestorTitles":["saved job status"],"fullName":"saved job status polls pending jobs serially and stops at the terminal failure","status":"passed","title":"polls pending jobs serially and stops at the terminal failure","duration":4770.167831000001,"failureMessages":[],"meta":{},"tags":[]}],"startTime":1788902694375,"endTime":1788902699253.1677,"status":"passed","message":"","name":"/app/src/pages/SpeakerJobPage.test.tsx"},{"assertionResults":[{"ancestorTitles":["speaker profile operations"],"fullName":"speaker profile operations requires explicit deletion and removes the stale profile from the next list","status":"passed","title":"requires explicit deletion and removes the stale profile from the next list","duration":137.52942699999994,"failureMessages":[],"meta":{},"tags":[]},{"ancestorTitles":["speaker profile operations"],"fullName":"speaker profile operations normalizes a rename and updates the visible profile from the server","status":"passed","title":"normalizes a rename and updates the visible profile from the server","duration":56.614340000000084,"failureMessages":[],"meta":{},"tags":[]},{"ancestorTitles":["speaker profile operations"],"fullName":"speaker profile operations does not offer write or enrollment controls to a read-only user","status":"passed","title":"does not offer write or enrollment controls to a read-only user","duration":16.038348000000042,"failureMessages":[],"meta":{},"tags":[]}],"startTime":1788902694379,"endTime":1788902694589.0383,"status":"passed","message":"","name":"/app/src/pages/SpeakerProfilesPage.test.tsx"},{"assertionResults":[{"ancestorTitles":["configured locale contracts"],"fullName":"configured locale contracts provides a nonempty flat translation for every key in both locales","status":"passed","title":"provides a nonempty flat translation for every key in both locales","duration":11.025082999999995,"failureMessages":[],"meta":{},"tags":[]}],"startTime":1788902694061,"endTime":1788902694072.0251,"status":"passed","message":"","name":"/app/src/locales/catalogues.test.ts"}]}